{"@timestamp":"2022-06-22T10:54:30+01:00","level":"INFO","app_name":"bnt-indent-service","message":"Initializing Mongo!"}
{"@timestamp":"2022-06-22T10:54:30+01:00","level":"INFO","app_name":"bnt-indent-service","message":"Establishing mongoDB connection with given credentials..."}
{"@timestamp":"2022-06-22T10:54:30+01:00","level":"INFO","app_name":"bnt-indent-service","message":"Connecting to MongoDB..."}
{"@timestamp":"2022-06-22T10:54:30+01:00","level":"INFO","app_name":"bnt-indent-service","message":"Confirming MongoDB Connection..."}
{"@timestamp":"2022-06-22T10:54:31+01:00","level":"INFO","app_name":"bnt-indent-service","message":"Establishing Database collections and indexes..."}
{"@timestamp":"2022-06-22T10:54:31+01:00","level":"INFO","app_name":"bnt-indent-service","message":"MongoDB Initialized!"}
{"@timestamp":"2022-06-22T10:54:31+01:00","level":"INFO","app_name":"bnt-indent-service","message":"Redis Initialized!"}
{"@timestamp":"2022-06-22T10:54:31+01:00","level":"INFO","app_name":"bnt-indent-service","message":"Configuring Routes!"}
{"@timestamp":"2022-06-22T10:54:31+01:00","level":"INFO","app_name":"bnt-indent-service","message":"Started bnt-indent-service on http://localhost:20001 in 0s"}
{"@timestamp":"2022-06-22T10:43:32+01:00","level":"INFO","app_name":"bnt-indent-service","message":"Initializing Mongo!"}
{"@timestamp":"2022-06-22T10:43:32+01:00","level":"INFO","app_name":"bnt-indent-service","message":"Establishing mongoDB connection with given credentials..."}
{"@timestamp":"2022-06-22T10:43:32+01:00","level":"INFO","app_name":"bnt-indent-service","message":"Connecting to MongoDB..."}
{"@timestamp":"2022-06-22T10:43:32+01:00","level":"INFO","app_name":"bnt-indent-service","message":"Confirming MongoDB Connection..."}
{"@timestamp":"2022-06-22T10:43:33+01:00","level":"INFO","app_name":"bnt-indent-service","message":"Establishing Database collections and indexes..."}
{"@timestamp":"2022-06-22T10:43:33+01:00","level":"INFO","app_name":"bnt-indent-service","message":"MongoDB Initialized!"}
{"@timestamp":"2022-06-22T10:43:33+01:00","level":"INFO","app_name":"bnt-indent-service","message":"Redis Initialized!"}
{"@timestamp":"2022-06-22T10:43:33+01:00","level":"INFO","app_name":"bnt-indent-service","message":"Configuring Routes!"}
{"@timestamp":"2022-06-22T10:43:33+01:00","level":"INFO","app_name":"bnt-indent-service","message":"Started bnt-indent-service on http://localhost:20001 in 0s"}
{"@timestamp":"2022-06-22T17:33:57+01:00","level":"INFO","app_name":"bnt-notification-service","message":"Initializing Mongo!"}
{"@timestamp":"2022-06-22T17:33:57+01:00","level":"INFO","app_name":"bnt-notification-service","message":"Establishing mongoDB connection with given credentials..."}
{"@timestamp":"2022-06-22T17:33:57+01:00","level":"INFO","app_name":"bnt-notification-service","message":"Connecting to MongoDB..."}
{"@timestamp":"2022-06-22T17:33:57+01:00","level":"INFO","app_name":"bnt-notification-service","message":"Confirming MongoDB Connection..."}
{"@timestamp":"2022-06-22T17:33:58+01:00","level":"INFO","app_name":"bnt-notification-service","message":"Establishing Database collections and indexes..."}
{"@timestamp":"2022-06-22T17:33:58+01:00","level":"INFO","app_name":"bnt-notification-service","message":"MongoDB Initialized!"}
{"@timestamp":"2022-06-22T17:33:58+01:00","level":"INFO","app_name":"bnt-notification-service","message":"Redis Initialized!"}
{"@timestamp":"2022-06-22T17:33:58+01:00","level":"INFO","app_name":"bnt-notification-service","message":"Configuring Routes!"}
{"@timestamp":"2022-06-22T17:33:58+01:00","level":"INFO","app_name":"bnt-notification-service","message":"Started bnt-notification-service on http://localhost:20001 in 0s"}
{"@timestamp":"2022-06-23T09:17:11+01:00","level":"INFO","app_name":"bnt-notification-service","message":"Initializing Mongo!"}
{"@timestamp":"2022-06-23T09:17:11+01:00","level":"INFO","app_name":"bnt-notification-service","message":"Establishing mongoDB connection with given credentials..."}
{"@timestamp":"2022-06-23T09:17:11+01:00","level":"INFO","app_name":"bnt-notification-service","message":"Connecting to MongoDB..."}
{"@timestamp":"2022-06-23T09:17:11+01:00","level":"INFO","app_name":"bnt-notification-service","message":"Confirming MongoDB Connection..."}
{"@timestamp":"2022-06-23T09:17:12+01:00","level":"INFO","app_name":"bnt-notification-service","message":"Establishing Database collections and indexes..."}
{"@timestamp":"2022-06-23T09:17:12+01:00","level":"INFO","app_name":"bnt-notification-service","message":"MongoDB Initialized!"}
{"@timestamp":"2022-06-23T09:17:12+01:00","level":"INFO","app_name":"bnt-notification-service","message":"Redis Initialized!"}
{"@timestamp":"2022-06-23T09:17:12+01:00","level":"INFO","app_name":"bnt-notification-service","message":"Configuring Routes!"}
{"@timestamp":"2022-06-23T09:17:12+01:00","level":"INFO","app_name":"bnt-notification-service","message":"Started bnt-notification-service on http://localhost:20001 in 0s"}
{"@timestamp":"2022-06-23T09:19:42+01:00","level":"INFO","app_name":"bnt-notification-service","message":"Creating notification with reference: e9ca4a5f-2237-4989-89bf-fbbd5c58a007"}
{"@timestamp":"2022-06-23T09:19:42+01:00","level":"INFO","app_name":"bnt-notification-service","message":"Validating entity.Notification Data..."}
{"@timestamp":"2022-06-23T09:21:50+01:00","level":"INFO","app_name":"bnt-notification-service","message":"Creating notification with reference: 340b63b8-62b0-4585-a244-0012e3fbf92d"}
{"@timestamp":"2022-06-23T09:21:50+01:00","level":"INFO","app_name":"bnt-notification-service","message":"Validating entity.Notification Data..."}
{"@timestamp":"2022-06-23T09:26:22+01:00","level":"INFO","app_name":"bnt-notification-service","message":"Initializing Mongo!"}
{"@timestamp":"2022-06-23T09:26:22+01:00","level":"INFO","app_name":"bnt-notification-service","message":"Establishing mongoDB connection with given credentials..."}
{"@timestamp":"2022-06-23T09:26:22+01:00","level":"INFO","app_name":"bnt-notification-service","message":"Connecting to MongoDB..."}
{"@timestamp":"2022-06-23T09:26:22+01:00","level":"INFO","app_name":"bnt-notification-service","message":"Confirming MongoDB Connection..."}
{"@timestamp":"2022-06-23T09:26:23+01:00","level":"INFO","app_name":"bnt-notification-service","message":"Establishing Database collections and indexes..."}
{"@timestamp":"2022-06-23T09:26:23+01:00","level":"INFO","app_name":"bnt-notification-service","message":"MongoDB Initialized!"}
{"@timestamp":"2022-06-23T09:26:23+01:00","level":"INFO","app_name":"bnt-notification-service","message":"Redis Initialized!"}
{"@timestamp":"2022-06-23T09:26:23+01:00","level":"INFO","app_name":"bnt-notification-service","message":"Configuring Routes!"}
{"@timestamp":"2022-06-23T09:26:23+01:00","level":"INFO","app_name":"bnt-notification-service","message":"Started bnt-notification-service on http://localhost:20001 in 0s"}
{"@timestamp":"2022-06-23T09:29:37+01:00","level":"INFO","app_name":"bnt-notification-service","message":"Initializing Mongo!"}
{"@timestamp":"2022-06-23T09:29:37+01:00","level":"INFO","app_name":"bnt-notification-service","message":"Establishing mongoDB connection with given credentials..."}
{"@timestamp":"2022-06-23T09:29:37+01:00","level":"INFO","app_name":"bnt-notification-service","message":"Connecting to MongoDB..."}
{"@timestamp":"2022-06-23T09:29:37+01:00","level":"INFO","app_name":"bnt-notification-service","message":"Confirming MongoDB Connection..."}
{"@timestamp":"2022-06-23T09:29:37+01:00","level":"INFO","app_name":"bnt-notification-service","message":"Establishing Database collections and indexes..."}
{"@timestamp":"2022-06-23T09:29:37+01:00","level":"INFO","app_name":"bnt-notification-service","message":"MongoDB Initialized!"}
{"@timestamp":"2022-06-23T09:29:37+01:00","level":"INFO","app_name":"bnt-notification-service","message":"Redis Initialized!"}
{"@timestamp":"2022-06-23T09:29:37+01:00","level":"INFO","app_name":"bnt-notification-service","message":"Configuring Routes!"}
{"@timestamp":"2022-06-23T09:29:37+01:00","level":"INFO","app_name":"bnt-notification-service","message":"Started bnt-notification-service on http://localhost:20001 in 0s"}
{"@timestamp":"2022-06-23T09:31:22+01:00","level":"INFO","app_name":"bnt-notification-service","message":"Initializing Mongo!"}
{"@timestamp":"2022-06-23T09:31:22+01:00","level":"INFO","app_name":"bnt-notification-service","message":"Establishing mongoDB connection with given credentials..."}
{"@timestamp":"2022-06-23T09:31:22+01:00","level":"INFO","app_name":"bnt-notification-service","message":"Connecting to MongoDB..."}
{"@timestamp":"2022-06-23T09:31:22+01:00","level":"INFO","app_name":"bnt-notification-service","message":"Confirming MongoDB Connection..."}
{"@timestamp":"2022-06-23T09:31:23+01:00","level":"INFO","app_name":"bnt-notification-service","message":"Establishing Database collections and indexes..."}
{"@timestamp":"2022-06-23T09:31:23+01:00","level":"INFO","app_name":"bnt-notification-service","message":"MongoDB Initialized!"}
{"@timestamp":"2022-06-23T09:31:23+01:00","level":"INFO","app_name":"bnt-notification-service","message":"Redis Initialized!"}
{"@timestamp":"2022-06-23T09:31:23+01:00","level":"INFO","app_name":"bnt-notification-service","message":"Configuring Routes!"}
{"@timestamp":"2022-06-23T09:31:23+01:00","level":"INFO","app_name":"bnt-notification-service","message":"Started bnt-notification-service on http://localhost:20001 in 0s"}
{"@timestamp":"2022-06-23T09:34:56+01:00","level":"INFO","app_name":"bnt-notification-service","message":"Initializing Mongo!"}
{"@timestamp":"2022-06-23T09:34:56+01:00","level":"INFO","app_name":"bnt-notification-service","message":"Establishing mongoDB connection with given credentials..."}
{"@timestamp":"2022-06-23T09:34:56+01:00","level":"INFO","app_name":"bnt-notification-service","message":"Connecting to MongoDB..."}
{"@timestamp":"2022-06-23T09:34:56+01:00","level":"INFO","app_name":"bnt-notification-service","message":"Confirming MongoDB Connection..."}
{"@timestamp":"2022-06-23T09:34:56+01:00","level":"INFO","app_name":"bnt-notification-service","message":"Establishing Database collections and indexes..."}
{"@timestamp":"2022-06-23T09:34:56+01:00","level":"INFO","app_name":"bnt-notification-service","message":"MongoDB Initialized!"}
{"@timestamp":"2022-06-23T09:34:56+01:00","level":"INFO","app_name":"bnt-notification-service","message":"Redis Initialized!"}
{"@timestamp":"2022-06-23T09:34:56+01:00","level":"INFO","app_name":"bnt-notification-service","message":"Configuring Routes!"}
{"@timestamp":"2022-06-23T09:34:56+01:00","level":"INFO","app_name":"bnt-notification-service","message":"Started bnt-notification-service on http://localhost:20001 in 0s"}
{"@timestamp":"2022-06-23T09:36:55+01:00","level":"INFO","app_name":"bnt-notification-service","message":"Initializing Mongo!"}
{"@timestamp":"2022-06-23T09:36:55+01:00","level":"INFO","app_name":"bnt-notification-service","message":"Establishing mongoDB connection with given credentials..."}
{"@timestamp":"2022-06-23T09:36:55+01:00","level":"INFO","app_name":"bnt-notification-service","message":"Connecting to MongoDB..."}
{"@timestamp":"2022-06-23T09:36:55+01:00","level":"INFO","app_name":"bnt-notification-service","message":"Confirming MongoDB Connection..."}
{"@timestamp":"2022-06-23T09:36:56+01:00","level":"INFO","app_name":"bnt-notification-service","message":"Establishing Database collections and indexes..."}
{"@timestamp":"2022-06-23T09:36:56+01:00","level":"INFO","app_name":"bnt-notification-service","message":"MongoDB Initialized!"}
{"@timestamp":"2022-06-23T09:36:56+01:00","level":"INFO","app_name":"bnt-notification-service","message":"Redis Initialized!"}
{"@timestamp":"2022-06-23T09:36:56+01:00","level":"INFO","app_name":"bnt-notification-service","message":"Configuring Routes!"}
{"@timestamp":"2022-06-23T09:36:56+01:00","level":"INFO","app_name":"bnt-notification-service","message":"Started bnt-notification-service on http://localhost:20001 in 0s"}
{"@timestamp":"2022-06-23T09:39:29+01:00","level":"INFO","app_name":"bnt-notification-service","message":"Initializing Mongo!"}
{"@timestamp":"2022-06-23T09:39:29+01:00","level":"INFO","app_name":"bnt-notification-service","message":"Establishing mongoDB connection with given credentials..."}
{"@timestamp":"2022-06-23T09:39:29+01:00","level":"INFO","app_name":"bnt-notification-service","message":"Connecting to MongoDB..."}
{"@timestamp":"2022-06-23T09:39:29+01:00","level":"INFO","app_name":"bnt-notification-service","message":"Confirming MongoDB Connection..."}
{"@timestamp":"2022-06-23T09:39:30+01:00","level":"INFO","app_name":"bnt-notification-service","message":"Establishing Database collections and indexes..."}
{"@timestamp":"2022-06-23T09:39:30+01:00","level":"INFO","app_name":"bnt-notification-service","message":"MongoDB Initialized!"}
{"@timestamp":"2022-06-23T09:39:30+01:00","level":"INFO","app_name":"bnt-notification-service","message":"Redis Initialized!"}
{"@timestamp":"2022-06-23T09:39:30+01:00","level":"INFO","app_name":"bnt-notification-service","message":"Configuring Routes!"}
{"@timestamp":"2022-06-23T09:39:30+01:00","level":"INFO","app_name":"bnt-notification-service","message":"Started bnt-notification-service on http://localhost:20001 in 0s"}
{"@timestamp":"2022-06-23T10:07:30+01:00","level":"INFO","app_name":"bnt-notification-service","message":"Initializing Mongo!"}
{"@timestamp":"2022-06-23T10:07:30+01:00","level":"INFO","app_name":"bnt-notification-service","message":"Establishing mongoDB connection with given credentials..."}
{"@timestamp":"2022-06-23T10:07:30+01:00","level":"INFO","app_name":"bnt-notification-service","message":"Connecting to MongoDB..."}
{"@timestamp":"2022-06-23T10:07:30+01:00","level":"INFO","app_name":"bnt-notification-service","message":"Confirming MongoDB Connection..."}
{"@timestamp":"2022-06-23T10:07:31+01:00","level":"INFO","app_name":"bnt-notification-service","message":"Establishing Database collections and indexes..."}
{"@timestamp":"2022-06-23T10:07:31+01:00","level":"INFO","app_name":"bnt-notification-service","message":"MongoDB Initialized!"}
{"@timestamp":"2022-06-23T10:07:31+01:00","level":"INFO","app_name":"bnt-notification-service","message":"Redis Initialized!"}
{"@timestamp":"2022-06-23T10:07:31+01:00","level":"INFO","app_name":"bnt-notification-service","message":"Configuring Routes!"}
{"@timestamp":"2022-06-23T10:07:31+01:00","level":"INFO","app_name":"bnt-notification-service","message":"Started bnt-notification-service on http://localhost:20001 in 0s"}
{"@timestamp":"2022-06-23T10:08:19+01:00","level":"INFO","app_name":"bnt-notification-service","message":"Getting notification with reference: 888e901b-5f9e-4bce-b060-7c97dd383d34"}
{"@timestamp":"2022-06-23T10:08:19+01:00","level":"INFO","app_name":"bnt-notification-service","message":"Retrieving notification configurations with reference: 888e901b-5f9e-4bce-b060-7c97dd383d34"}
{"@timestamp":"2022-06-23T10:08:19+01:00","level":"INFO","app_name":"bnt-notification-service","message":"Retrieving notification configurations with reference: 888e901b-5f9e-4bce-b060-7c97dd383d34 completed successfully. "}
{"@timestamp":"2022-06-23T10:08:19+01:00","version":"1","level":"INFO","level_value":0,"statusCode":"200","pay_load":"{\r\n    \"location\": {\r\n        \"reference\":\"ref-ref-fref-fer\",\r\n        \"location\":\"Abuja\",\r\n        \"code\":\"1234\"\r\n    },\r\n    \"year\": {\r\n        \"reference\":\"ref-ref-fref-fer\",\r\n        \"year\":\"2022\",\r\n        \"code\":\"5678\"\r\n    },\r\n    \"denomination\": {\r\n        \"reference\":\"ref-ref-fref-fer\",\r\n        \"denomination\":\"NGN\",\r\n        \"code\":\"3457\"\r\n    },\r\n    \"quantity\":      2000000000,\r\n    \"is_deleted\": false\r\n}","message":"OK : {\"reference\":\"888e901b-5f9e-4bce-b060-7c97dd383d34\",\"location\":{\"reference\":\"\",\"location\":\"\",\"code\":\"\"},\"year\":{\"reference\":\"\",\"year\":\"\",\"code\":\"\"},\"denomination\":{\"reference\":\"\",\"denomination\":\"\",\"co ... ","logger_name":"","app_name":"bnt-notification-service","path":"/notification/888e901b-5f9e-4bce-b060-7c97dd383d34","method":"GET","X-Barafiri-Correlation-Id":"b87e6fb8-adc8-42d7-9eff-ef5c9228e612","User-Agent":"PostmanRuntime/7.29.0","X-Barafiri-Response-Time":"0s","X-Barafiri-Application-Host":"localhost:20001","X-Forwarded-For":""}
{"@timestamp":"2022-06-23T10:12:40+01:00","level":"INFO","app_name":"bnt-notification-service","message":"Initializing Mongo!"}
{"@timestamp":"2022-06-23T10:12:40+01:00","level":"INFO","app_name":"bnt-notification-service","message":"Establishing mongoDB connection with given credentials..."}
{"@timestamp":"2022-06-23T10:12:40+01:00","level":"INFO","app_name":"bnt-notification-service","message":"Connecting to MongoDB..."}
{"@timestamp":"2022-06-23T10:12:40+01:00","level":"INFO","app_name":"bnt-notification-service","message":"Confirming MongoDB Connection..."}
{"@timestamp":"2022-06-23T10:12:40+01:00","level":"INFO","app_name":"bnt-notification-service","message":"Establishing Database collections and indexes..."}
{"@timestamp":"2022-06-23T10:12:40+01:00","level":"INFO","app_name":"bnt-notification-service","message":"MongoDB Initialized!"}
{"@timestamp":"2022-06-23T10:12:40+01:00","level":"INFO","app_name":"bnt-notification-service","message":"Redis Initialized!"}
{"@timestamp":"2022-06-23T10:12:40+01:00","level":"INFO","app_name":"bnt-notification-service","message":"Configuring Routes!"}
{"@timestamp":"2022-06-23T10:12:40+01:00","level":"INFO","app_name":"bnt-notification-service","message":"Started bnt-notification-service on http://localhost:20001 in 0s"}
{"@timestamp":"2022-06-23T10:12:50+01:00","level":"INFO","app_name":"bnt-notification-service","message":"Getting notification with reference: 888e901b-5f9e-4bce-b060-7c97dd383d34"}
{"@timestamp":"2022-06-23T10:12:50+01:00","level":"INFO","app_name":"bnt-notification-service","message":"Retrieving notification configurations with reference: 888e901b-5f9e-4bce-b060-7c97dd383d34"}
{"@timestamp":"2022-06-23T10:12:50+01:00","level":"INFO","app_name":"bnt-notification-service","message":"Retrieving notification configurations with reference: 888e901b-5f9e-4bce-b060-7c97dd383d34 completed successfully. "}
{"@timestamp":"2022-06-23T10:12:50+01:00","version":"1","level":"INFO","level_value":0,"statusCode":"200","pay_load":"{\r\n    \"location\": {\r\n        \"reference\":\"ref-ref-fref-fer\",\r\n        \"location\":\"Abuja\",\r\n        \"code\":\"1234\"\r\n    },\r\n    \"year\": {\r\n        \"reference\":\"ref-ref-fref-fer\",\r\n        \"year\":\"2022\",\r\n        \"code\":\"5678\"\r\n    },\r\n    \"denomination\": {\r\n        \"reference\":\"ref-ref-fref-fer\",\r\n        \"denomination\":\"NGN\",\r\n        \"code\":\"3457\"\r\n    },\r\n    \"quantity\":      2000000000,\r\n    \"is_deleted\": false\r\n}","message":"OK : {\"reference\":\"888e901b-5f9e-4bce-b060-7c97dd383d34\",\"channel\":\"EMAIL\",\"type\":\"INSTANT\",\"subject\":\"bnt OTP\",\"from\":\"hello@bnt.com\",\"to\":\"robocop@robocop.com\",\"message\":\"Thank you for signing up!\",\"send ... ","logger_name":"","app_name":"bnt-notification-service","path":"/notification/888e901b-5f9e-4bce-b060-7c97dd383d34","method":"GET","X-Barafiri-Correlation-Id":"1b582aa7-8bf4-4161-b903-b901b32e3b1d","User-Agent":"PostmanRuntime/7.29.0","X-Barafiri-Response-Time":"0s","X-Barafiri-Application-Host":"localhost:20001","X-Forwarded-For":""}
{"@timestamp":"2022-06-23T10:13:53+01:00","level":"INFO","app_name":"bnt-notification-service","message":"Getting all categories..."}
{"@timestamp":"2022-06-23T10:13:53+01:00","level":"INFO","app_name":"bnt-notification-service","message":"Retrieving all notification configuration entries..."}
{"@timestamp":"2022-06-23T10:13:53+01:00","level":"INFO","app_name":"bnt-notification-service","message":"Retrieving all notification configuration entries completed successfully"}
{"@timestamp":"2022-06-23T10:13:53+01:00","version":"1","level":"INFO","level_value":0,"statusCode":"200","pay_load":"{\r\n    \"location\": {\r\n        \"reference\":\"ref-ref-fref-fer\",\r\n        \"location\":\"Abuja\",\r\n        \"code\":\"1234\"\r\n    },\r\n    \"year\": {\r\n        \"reference\":\"ref-ref-fref-fer\",\r\n        \"year\":\"2022\",\r\n        \"code\":\"5678\"\r\n    },\r\n    \"denomination\": {\r\n        \"reference\":\"ref-ref-fref-fer\",\r\n        \"denomination\":\"NGN\",\r\n        \"code\":\"3457\"\r\n    },\r\n    \"quantity\":      2000000000,\r\n    \"is_deleted\": false\r\n}","message":"OK : [{\"reference\":\"888e901b-5f9e-4bce-b060-7c97dd383d34\",\"channel\":\"EMAIL\",\"type\":\"INSTANT\",\"subject\":\"bnt OTP\",\"from\":\"hello@bnt.com\",\"to\":\"robocop@robocop.com\",\"message\":\"Thank you for signing up!\",\"sen ... ","logger_name":"","app_name":"bnt-notification-service","path":"/notification/page/1","method":"GET","X-Barafiri-Correlation-Id":"bf8f90ae-5159-462f-bec0-b4aa413add75","User-Agent":"PostmanRuntime/7.29.0","X-Barafiri-Response-Time":"0s","X-Barafiri-Application-Host":"localhost:20001","X-Forwarded-For":""}
{"@timestamp":"2022-06-23T10:13:59+01:00","level":"INFO","app_name":"bnt-notification-service","message":"Getting all categories..."}
{"@timestamp":"2022-06-23T10:13:59+01:00","level":"INFO","app_name":"bnt-notification-service","message":"Retrieving all notification configuration entries..."}
{"@timestamp":"2022-06-23T10:13:59+01:00","level":"INFO","app_name":"bnt-notification-service","message":"There are no results in this collection..."}
{"@timestamp":"2022-06-23T10:13:59+01:00","version":"1","level":"INFO","level_value":0,"statusCode":"200","pay_load":"{\r\n    \"location\": {\r\n        \"reference\":\"ref-ref-fref-fer\",\r\n        \"location\":\"Abuja\",\r\n        \"code\":\"1234\"\r\n    },\r\n    \"year\": {\r\n        \"reference\":\"ref-ref-fref-fer\",\r\n        \"year\":\"2022\",\r\n        \"code\":\"5678\"\r\n    },\r\n    \"denomination\": {\r\n        \"reference\":\"ref-ref-fref-fer\",\r\n        \"denomination\":\"NGN\",\r\n        \"code\":\"3457\"\r\n    },\r\n    \"quantity\":      2000000000,\r\n    \"is_deleted\": false\r\n}","message":"OK : [] ... ","logger_name":"","app_name":"bnt-notification-service","path":"/notification/page/10","method":"GET","X-Barafiri-Correlation-Id":"ae25176d-e1d7-4519-b4d3-1bdf5b7060d4","User-Agent":"PostmanRuntime/7.29.0","X-Barafiri-Response-Time":"0s","X-Barafiri-Application-Host":"localhost:20001","X-Forwarded-For":""}
{"@timestamp":"2022-06-23T10:14:04+01:00","level":"INFO","app_name":"bnt-notification-service","message":"Getting all categories..."}
{"@timestamp":"2022-06-23T10:14:04+01:00","level":"INFO","app_name":"bnt-notification-service","message":"Retrieving all notification configuration entries..."}
{"@timestamp":"2022-06-23T10:14:04+01:00","level":"INFO","app_name":"bnt-notification-service","message":"There are no results in this collection..."}
{"@timestamp":"2022-06-23T10:14:04+01:00","version":"1","level":"INFO","level_value":0,"statusCode":"200","pay_load":"{\r\n    \"location\": {\r\n        \"reference\":\"ref-ref-fref-fer\",\r\n        \"location\":\"Abuja\",\r\n        \"code\":\"1234\"\r\n    },\r\n    \"year\": {\r\n        \"reference\":\"ref-ref-fref-fer\",\r\n        \"year\":\"2022\",\r\n        \"code\":\"5678\"\r\n    },\r\n    \"denomination\": {\r\n        \"reference\":\"ref-ref-fref-fer\",\r\n        \"denomination\":\"NGN\",\r\n        \"code\":\"3457\"\r\n    },\r\n    \"quantity\":      2000000000,\r\n    \"is_deleted\": false\r\n}","message":"OK : [] ... ","logger_name":"","app_name":"bnt-notification-service","path":"/notification/page/2","method":"GET","X-Barafiri-Correlation-Id":"5f147f4e-7e7d-484c-8528-5c06b0922c85","User-Agent":"PostmanRuntime/7.29.0","X-Barafiri-Response-Time":"0s","X-Barafiri-Application-Host":"localhost:20001","X-Forwarded-For":""}
{"@timestamp":"2022-06-23T10:14:09+01:00","level":"INFO","app_name":"bnt-notification-service","message":"Getting all categories..."}
{"@timestamp":"2022-06-23T10:14:09+01:00","level":"INFO","app_name":"bnt-notification-service","message":"Retrieving all notification configuration entries..."}
{"@timestamp":"2022-06-23T10:14:09+01:00","level":"INFO","app_name":"bnt-notification-service","message":"Retrieving all notification configuration entries completed successfully"}
{"@timestamp":"2022-06-23T10:14:09+01:00","version":"1","level":"INFO","level_value":0,"statusCode":"200","pay_load":"{\r\n    \"location\": {\r\n        \"reference\":\"ref-ref-fref-fer\",\r\n        \"location\":\"Abuja\",\r\n        \"code\":\"1234\"\r\n    },\r\n    \"year\": {\r\n        \"reference\":\"ref-ref-fref-fer\",\r\n        \"year\":\"2022\",\r\n        \"code\":\"5678\"\r\n    },\r\n    \"denomination\": {\r\n        \"reference\":\"ref-ref-fref-fer\",\r\n        \"denomination\":\"NGN\",\r\n        \"code\":\"3457\"\r\n    },\r\n    \"quantity\":      2000000000,\r\n    \"is_deleted\": false\r\n}","message":"OK : [{\"reference\":\"888e901b-5f9e-4bce-b060-7c97dd383d34\",\"channel\":\"EMAIL\",\"type\":\"INSTANT\",\"subject\":\"bnt OTP\",\"from\":\"hello@bnt.com\",\"to\":\"robocop@robocop.com\",\"message\":\"Thank you for signing up!\",\"sen ... ","logger_name":"","app_name":"bnt-notification-service","path":"/notification/page/1","method":"GET","X-Barafiri-Correlation-Id":"dc73c78a-03b9-44c8-a67c-434a638c3562","User-Agent":"PostmanRuntime/7.29.0","X-Barafiri-Response-Time":"0s","X-Barafiri-Application-Host":"localhost:20001","X-Forwarded-For":""}
{"@timestamp":"2022-06-23T10:23:17+01:00","level":"INFO","app_name":"bnt-notification-service","message":"Initializing Mongo!"}
{"@timestamp":"2022-06-23T10:23:17+01:00","level":"INFO","app_name":"bnt-notification-service","message":"Establishing mongoDB connection with given credentials..."}
{"@timestamp":"2022-06-23T10:23:17+01:00","level":"INFO","app_name":"bnt-notification-service","message":"Connecting to MongoDB..."}
{"@timestamp":"2022-06-23T10:23:17+01:00","level":"INFO","app_name":"bnt-notification-service","message":"Confirming MongoDB Connection..."}
{"@timestamp":"2022-06-23T10:23:18+01:00","level":"INFO","app_name":"bnt-notification-service","message":"Establishing Database collections and indexes..."}
{"@timestamp":"2022-06-23T10:23:18+01:00","level":"INFO","app_name":"bnt-notification-service","message":"MongoDB Initialized!"}
{"@timestamp":"2022-06-23T10:23:18+01:00","level":"INFO","app_name":"bnt-notification-service","message":"Redis Initialized!"}
{"@timestamp":"2022-06-23T10:23:18+01:00","level":"INFO","app_name":"bnt-notification-service","message":"Configuring Routes!"}
{"@timestamp":"2022-06-23T10:23:18+01:00","level":"INFO","app_name":"bnt-notification-service","message":"Started bnt-notification-service on http://localhost:20001 in 0s"}
{"@timestamp":"2022-06-23T10:23:35+01:00","version":"1","level":"ERROR","level_value":0,"statusCode":"404","pay_load":"{\r\n    \"location\": {\r\n        \"reference\":\"ref-ref-fref-fer\",\r\n        \"location\":\"Abuja\",\r\n        \"code\":\"1234\"\r\n    },\r\n    \"year\": {\r\n        \"reference\":\"ref-ref-fref-fer\",\r\n        \"year\":\"2022\",\r\n        \"code\":\"5678\"\r\n    },\r\n    \"denomination\": {\r\n        \"reference\":\"ref-ref-fref-fer\",\r\n        \"denomination\":\"NGN\",\r\n        \"code\":\"3457\"\r\n    },\r\n    \"quantity\":      2000000000,\r\n    \"is_deleted\": false\r\n}","message":"Not Found : {\"error_reference\":\"73016df5-4655-4e18-a066-21408a7141ec\",\"timestamp\":\"2022-06-23T10:23:35+01:00\",\"errors\":[{\"code\":\"INVALID_RESOURCE_ERROR\",\"message\":\"this resource does not exist\",\"source\":\"bnt-noti ... ","logger_name":"","app_name":"bnt-notification-service","path":"/notification/888e901b-5f9e-4bce-b060-7c97dd383d34/status","method":"GET","X-Barafiri-Correlation-Id":"69bcd630-42e9-4a73-8534-5a570f5c9eaf","User-Agent":"PostmanRuntime/7.29.0","X-Barafiri-Response-Time":"0s","X-Barafiri-Application-Host":"localhost:20001","X-Forwarded-For":""}
{"@timestamp":"2022-06-23T10:25:39+01:00","version":"1","level":"ERROR","level_value":0,"statusCode":"404","pay_load":"{\r\n    \"location\": {\r\n        \"reference\":\"ref-ref-fref-fer\",\r\n        \"location\":\"Abuja\",\r\n        \"code\":\"1234\"\r\n    },\r\n    \"year\": {\r\n        \"reference\":\"ref-ref-fref-fer\",\r\n        \"year\":\"2022\",\r\n        \"code\":\"5678\"\r\n    },\r\n    \"denomination\": {\r\n        \"reference\":\"ref-ref-fref-fer\",\r\n        \"denomination\":\"NGN\",\r\n        \"code\":\"3457\"\r\n    },\r\n    \"quantity\":      2000000000,\r\n    \"is_deleted\": false\r\n}","message":"Not Found : {\"error_reference\":\"066330df-5747-414d-b9c8-4f7e98c3b61f\",\"timestamp\":\"2022-06-23T10:25:39+01:00\",\"errors\":[{\"code\":\"INVALID_RESOURCE_ERROR\",\"message\":\"this resource does not exist\",\"source\":\"bnt-noti ... ","logger_name":"","app_name":"bnt-notification-service","path":"/notification/888e901b-5f9e-4bce-b060-7c97dd383d34/status","method":"GET","X-Barafiri-Correlation-Id":"519e69ac-d574-46b2-a113-406abcba7ed7","User-Agent":"PostmanRuntime/7.29.0","X-Barafiri-Response-Time":"0s","X-Barafiri-Application-Host":"localhost:20001","X-Forwarded-For":""}
{"@timestamp":"2022-06-23T10:28:31+01:00","level":"INFO","app_name":"bnt-notification-service","message":"Initializing Mongo!"}
{"@timestamp":"2022-06-23T10:28:31+01:00","level":"INFO","app_name":"bnt-notification-service","message":"Establishing mongoDB connection with given credentials..."}
{"@timestamp":"2022-06-23T10:28:31+01:00","level":"INFO","app_name":"bnt-notification-service","message":"Connecting to MongoDB..."}
{"@timestamp":"2022-06-23T10:28:31+01:00","level":"INFO","app_name":"bnt-notification-service","message":"Confirming MongoDB Connection..."}
{"@timestamp":"2022-06-23T10:28:32+01:00","level":"INFO","app_name":"bnt-notification-service","message":"Establishing Database collections and indexes..."}
{"@timestamp":"2022-06-23T10:28:32+01:00","level":"INFO","app_name":"bnt-notification-service","message":"MongoDB Initialized!"}
{"@timestamp":"2022-06-23T10:28:32+01:00","level":"INFO","app_name":"bnt-notification-service","message":"Redis Initialized!"}
{"@timestamp":"2022-06-23T10:28:32+01:00","level":"INFO","app_name":"bnt-notification-service","message":"Configuring Routes!"}
{"@timestamp":"2022-06-23T10:28:32+01:00","level":"INFO","app_name":"bnt-notification-service","message":"Started bnt-notification-service on http://localhost:20001 in 0s"}
{"@timestamp":"2022-06-23T10:28:36+01:00","version":"1","level":"ERROR","level_value":0,"statusCode":"404","pay_load":"{\r\n    \"location\": {\r\n        \"reference\":\"ref-ref-fref-fer\",\r\n        \"location\":\"Abuja\",\r\n        \"code\":\"1234\"\r\n    },\r\n    \"year\": {\r\n        \"reference\":\"ref-ref-fref-fer\",\r\n        \"year\":\"2022\",\r\n        \"code\":\"5678\"\r\n    },\r\n    \"denomination\": {\r\n        \"reference\":\"ref-ref-fref-fer\",\r\n        \"denomination\":\"NGN\",\r\n        \"code\":\"3457\"\r\n    },\r\n    \"quantity\":      2000000000,\r\n    \"is_deleted\": false\r\n}","message":"Not Found : {\"error_reference\":\"4e193bc3-d5a7-40f8-aa58-151c3c542f7e\",\"timestamp\":\"2022-06-23T10:28:36+01:00\",\"errors\":[{\"code\":\"INVALID_RESOURCE_ERROR\",\"message\":\"this resource does not exist\",\"source\":\"bnt-noti ... ","logger_name":"","app_name":"bnt-notification-service","path":"/notification/888e901b-5f9e-4bce-b060-7c97dd383d34/status","method":"GET","X-Barafiri-Correlation-Id":"cc18e798-c2ff-4953-bea4-684d9183b042","User-Agent":"PostmanRuntime/7.29.0","X-Barafiri-Response-Time":"0s","X-Barafiri-Application-Host":"localhost:20001","X-Forwarded-For":""}
{"@timestamp":"2022-06-23T10:30:34+01:00","level":"INFO","app_name":"bnt-notification-service","message":"Initializing Mongo!"}
{"@timestamp":"2022-06-23T10:30:34+01:00","level":"INFO","app_name":"bnt-notification-service","message":"Establishing mongoDB connection with given credentials..."}
{"@timestamp":"2022-06-23T10:30:34+01:00","level":"INFO","app_name":"bnt-notification-service","message":"Connecting to MongoDB..."}
{"@timestamp":"2022-06-23T10:30:34+01:00","level":"INFO","app_name":"bnt-notification-service","message":"Confirming MongoDB Connection..."}
{"@timestamp":"2022-06-23T10:30:34+01:00","level":"INFO","app_name":"bnt-notification-service","message":"Establishing Database collections and indexes..."}
{"@timestamp":"2022-06-23T10:30:34+01:00","level":"INFO","app_name":"bnt-notification-service","message":"MongoDB Initialized!"}
{"@timestamp":"2022-06-23T10:30:34+01:00","level":"INFO","app_name":"bnt-notification-service","message":"Redis Initialized!"}
{"@timestamp":"2022-06-23T10:30:34+01:00","level":"INFO","app_name":"bnt-notification-service","message":"Configuring Routes!"}
{"@timestamp":"2022-06-23T10:30:34+01:00","level":"INFO","app_name":"bnt-notification-service","message":"Started bnt-notification-service on http://localhost:20001 in 0s"}
{"@timestamp":"2022-06-23T10:30:44+01:00","level":"INFO","app_name":"bnt-notification-service","message":"Getting notification with reference: 888e901b-5f9e-4bce-b060-7c97dd383d34"}
{"@timestamp":"2022-06-23T10:30:44+01:00","level":"INFO","app_name":"bnt-notification-service","message":"Retrieving notification configurations with reference: 888e901b-5f9e-4bce-b060-7c97dd383d34"}
{"@timestamp":"2022-06-23T10:30:44+01:00","level":"INFO","app_name":"bnt-notification-service","message":"Retrieving notification configurations with reference: 888e901b-5f9e-4bce-b060-7c97dd383d34 completed successfully. "}
{"@timestamp":"2022-06-23T10:30:44+01:00","version":"1","level":"INFO","level_value":0,"statusCode":"200","pay_load":"{\r\n    \"location\": {\r\n        \"reference\":\"ref-ref-fref-fer\",\r\n        \"location\":\"Abuja\",\r\n        \"code\":\"1234\"\r\n    },\r\n    \"year\": {\r\n        \"reference\":\"ref-ref-fref-fer\",\r\n        \"year\":\"2022\",\r\n        \"code\":\"5678\"\r\n    },\r\n    \"denomination\": {\r\n        \"reference\":\"ref-ref-fref-fer\",\r\n        \"denomination\":\"NGN\",\r\n        \"code\":\"3457\"\r\n    },\r\n    \"quantity\":      2000000000,\r\n    \"is_deleted\": false\r\n}","message":"OK : {\"reference\":\"888e901b-5f9e-4bce-b060-7c97dd383d34\",\"channel\":\"EMAIL\",\"type\":\"INSTANT\",\"subject\":\"bnt OTP\",\"from\":\"hello@bnt.com\",\"to\":\"robocop@robocop.com\",\"message\":\"Thank you for signing up!\",\"send ... ","logger_name":"","app_name":"bnt-notification-service","path":"/notification/888e901b-5f9e-4bce-b060-7c97dd383d34/status","method":"GET","X-Barafiri-Correlation-Id":"444d80ba-01b8-4718-ac8e-fe78e2e5d6f6","User-Agent":"PostmanRuntime/7.29.0","X-Barafiri-Response-Time":"0s","X-Barafiri-Application-Host":"localhost:20001","X-Forwarded-For":""}
{"@timestamp":"2022-06-23T10:32:01+01:00","level":"INFO","app_name":"bnt-notification-service","message":"Initializing Mongo!"}
{"@timestamp":"2022-06-23T10:32:01+01:00","level":"INFO","app_name":"bnt-notification-service","message":"Establishing mongoDB connection with given credentials..."}
{"@timestamp":"2022-06-23T10:32:01+01:00","level":"INFO","app_name":"bnt-notification-service","message":"Connecting to MongoDB..."}
{"@timestamp":"2022-06-23T10:32:01+01:00","level":"INFO","app_name":"bnt-notification-service","message":"Confirming MongoDB Connection..."}
{"@timestamp":"2022-06-23T10:32:02+01:00","level":"INFO","app_name":"bnt-notification-service","message":"Establishing Database collections and indexes..."}
{"@timestamp":"2022-06-23T10:32:02+01:00","level":"INFO","app_name":"bnt-notification-service","message":"MongoDB Initialized!"}
{"@timestamp":"2022-06-23T10:32:02+01:00","level":"INFO","app_name":"bnt-notification-service","message":"Redis Initialized!"}
{"@timestamp":"2022-06-23T10:32:02+01:00","level":"INFO","app_name":"bnt-notification-service","message":"Configuring Routes!"}
{"@timestamp":"2022-06-23T10:32:02+01:00","level":"INFO","app_name":"bnt-notification-service","message":"Started bnt-notification-service on http://localhost:20001 in 0s"}
{"@timestamp":"2022-06-23T10:32:09+01:00","level":"INFO","app_name":"bnt-notification-service","message":"Getting notification with reference: 888e901b-5f9e-4bce-b060-7c97dd383d34"}
{"@timestamp":"2022-06-23T10:32:09+01:00","level":"INFO","app_name":"bnt-notification-service","message":"Retrieving notification configurations with reference: 888e901b-5f9e-4bce-b060-7c97dd383d34"}
{"@timestamp":"2022-06-23T10:32:09+01:00","level":"INFO","app_name":"bnt-notification-service","message":"Retrieving notification configurations with reference: 888e901b-5f9e-4bce-b060-7c97dd383d34 completed successfully. "}
{"@timestamp":"2022-06-23T10:32:09+01:00","version":"1","level":"INFO","level_value":0,"statusCode":"200","pay_load":"{\r\n    \"location\": {\r\n        \"reference\":\"ref-ref-fref-fer\",\r\n        \"location\":\"Abuja\",\r\n        \"code\":\"1234\"\r\n    },\r\n    \"year\": {\r\n        \"reference\":\"ref-ref-fref-fer\",\r\n        \"year\":\"2022\",\r\n        \"code\":\"5678\"\r\n    },\r\n    \"denomination\": {\r\n        \"reference\":\"ref-ref-fref-fer\",\r\n        \"denomination\":\"NGN\",\r\n        \"code\":\"3457\"\r\n    },\r\n    \"quantity\":      2000000000,\r\n    \"is_deleted\": false\r\n}","message":"OK : {\"status\":{\"reference\":\"888e901b-5f9e-4bce-b060-7c97dd383d34\",\"channel\":\"EMAIL\",\"type\":\"INSTANT\",\"subject\":\"bnt OTP\",\"from\":\"hello@bnt.com\",\"to\":\"robocop@robocop.com\",\"message\":\"Thank you for signing  ... ","logger_name":"","app_name":"bnt-notification-service","path":"/notification/888e901b-5f9e-4bce-b060-7c97dd383d34/status","method":"GET","X-Barafiri-Correlation-Id":"69e01318-ce95-4378-bf1a-740f2afcecb2","User-Agent":"PostmanRuntime/7.29.0","X-Barafiri-Response-Time":"0s","X-Barafiri-Application-Host":"localhost:20001","X-Forwarded-For":""}
{"@timestamp":"2022-06-23T10:33:57+01:00","level":"INFO","app_name":"bnt-notification-service","message":"Initializing Mongo!"}
{"@timestamp":"2022-06-23T10:33:57+01:00","level":"INFO","app_name":"bnt-notification-service","message":"Establishing mongoDB connection with given credentials..."}
{"@timestamp":"2022-06-23T10:33:57+01:00","level":"INFO","app_name":"bnt-notification-service","message":"Connecting to MongoDB..."}
{"@timestamp":"2022-06-23T10:33:57+01:00","level":"INFO","app_name":"bnt-notification-service","message":"Confirming MongoDB Connection..."}
{"@timestamp":"2022-06-23T10:33:58+01:00","level":"INFO","app_name":"bnt-notification-service","message":"Establishing Database collections and indexes..."}
{"@timestamp":"2022-06-23T10:33:58+01:00","level":"INFO","app_name":"bnt-notification-service","message":"MongoDB Initialized!"}
{"@timestamp":"2022-06-23T10:33:58+01:00","level":"INFO","app_name":"bnt-notification-service","message":"Redis Initialized!"}
{"@timestamp":"2022-06-23T10:33:58+01:00","level":"INFO","app_name":"bnt-notification-service","message":"Configuring Routes!"}
{"@timestamp":"2022-06-23T10:33:58+01:00","level":"INFO","app_name":"bnt-notification-service","message":"Started bnt-notification-service on http://localhost:20001 in 0s"}
{"@timestamp":"2022-06-23T10:34:18+01:00","level":"INFO","app_name":"bnt-notification-service","message":"Enabling notification with reference: 888e901b-5f9e-4bce-b060-7c97dd383d34"}
{"@timestamp":"2022-06-23T10:34:18+01:00","level":"INFO","app_name":"bnt-notification-service","message":"Getting notification with reference: 888e901b-5f9e-4bce-b060-7c97dd383d34"}
{"@timestamp":"2022-06-23T10:34:18+01:00","level":"INFO","app_name":"bnt-notification-service","message":"Retrieving notification configurations with reference: 888e901b-5f9e-4bce-b060-7c97dd383d34"}
{"@timestamp":"2022-06-23T10:34:18+01:00","level":"INFO","app_name":"bnt-notification-service","message":"Retrieving notification configurations with reference: 888e901b-5f9e-4bce-b060-7c97dd383d34 completed successfully. "}
{"@timestamp":"2022-06-23T10:34:18+01:00","level":"INFO","app_name":"bnt-notification-service","message":"Retrieving notification configurations with reference: 888e901b-5f9e-4bce-b060-7c97dd383d34"}
{"@timestamp":"2022-06-23T10:34:18+01:00","level":"INFO","app_name":"bnt-notification-service","message":"Retrieving notification configurations with reference: 888e901b-5f9e-4bce-b060-7c97dd383d34 completed successfully. "}
{"@timestamp":"2022-06-23T10:34:18+01:00","version":"1","level":"INFO","level_value":0,"statusCode":"200","pay_load":"{\r\n    \"location\": {\r\n        \"reference\":\"ref-ref-fref-fer\",\r\n        \"location\":\"Abuja\",\r\n        \"code\":\"1234\"\r\n    },\r\n    \"year\": {\r\n        \"reference\":\"ref-ref-fref-fer\",\r\n        \"year\":\"2022\",\r\n        \"code\":\"5678\"\r\n    },\r\n    \"denomination\": {\r\n        \"reference\":\"ref-ref-fref-fer\",\r\n        \"denomination\":\"NGN\",\r\n        \"code\":\"3457\"\r\n    },\r\n    \"quantity\":      2000000000,\r\n    \"is_deleted\": false\r\n}","message":"OK : {\"status\":\"SENT\"} ... ","logger_name":"","app_name":"bnt-notification-service","path":"/notification/888e901b-5f9e-4bce-b060-7c97dd383d34/status","method":"GET","X-Barafiri-Correlation-Id":"f801b6ea-44af-45b1-91f2-02e6b90ee1cd","User-Agent":"PostmanRuntime/7.29.0","X-Barafiri-Response-Time":"0s","X-Barafiri-Application-Host":"localhost:20001","X-Forwarded-For":""}
{"@timestamp":"2022-06-23T10:34:28+01:00","level":"INFO","app_name":"bnt-notification-service","message":"Initializing Mongo!"}
{"@timestamp":"2022-06-23T10:34:28+01:00","level":"INFO","app_name":"bnt-notification-service","message":"Establishing mongoDB connection with given credentials..."}
{"@timestamp":"2022-06-23T10:34:28+01:00","level":"INFO","app_name":"bnt-notification-service","message":"Connecting to MongoDB..."}
{"@timestamp":"2022-06-23T10:34:28+01:00","level":"INFO","app_name":"bnt-notification-service","message":"Confirming MongoDB Connection..."}
{"@timestamp":"2022-06-23T10:34:28+01:00","level":"INFO","app_name":"bnt-notification-service","message":"Establishing Database collections and indexes..."}
{"@timestamp":"2022-06-23T10:34:28+01:00","level":"INFO","app_name":"bnt-notification-service","message":"MongoDB Initialized!"}
{"@timestamp":"2022-06-23T10:34:28+01:00","level":"INFO","app_name":"bnt-notification-service","message":"Redis Initialized!"}
{"@timestamp":"2022-06-23T10:34:28+01:00","level":"INFO","app_name":"bnt-notification-service","message":"Configuring Routes!"}
{"@timestamp":"2022-06-23T10:34:28+01:00","level":"INFO","app_name":"bnt-notification-service","message":"Started bnt-notification-service on http://localhost:20001 in 0s"}
{"@timestamp":"2022-06-23T10:34:43+01:00","level":"INFO","app_name":"bnt-notification-service","message":"Enabling notification with reference: 66d8c9b7-408f-4637-b318-deb8db05d5d5"}
{"@timestamp":"2022-06-23T10:34:43+01:00","level":"INFO","app_name":"bnt-notification-service","message":"Getting notification with reference: 66d8c9b7-408f-4637-b318-deb8db05d5d5"}
{"@timestamp":"2022-06-23T10:34:43+01:00","level":"INFO","app_name":"bnt-notification-service","message":"Retrieving notification configurations with reference: 66d8c9b7-408f-4637-b318-deb8db05d5d5"}
{"@timestamp":"2022-06-23T10:34:43+01:00","level":"INFO","app_name":"bnt-notification-service","message":"Retrieving notification configurations with reference: 66d8c9b7-408f-4637-b318-deb8db05d5d5 completed successfully. "}
{"@timestamp":"2022-06-23T10:34:43+01:00","level":"INFO","app_name":"bnt-notification-service","message":"Retrieving notification configurations with reference: 66d8c9b7-408f-4637-b318-deb8db05d5d5"}
{"@timestamp":"2022-06-23T10:34:43+01:00","level":"INFO","app_name":"bnt-notification-service","message":"Retrieving notification configurations with reference: 66d8c9b7-408f-4637-b318-deb8db05d5d5 completed successfully. "}
{"@timestamp":"2022-06-23T10:34:43+01:00","version":"1","level":"INFO","level_value":0,"statusCode":"200","pay_load":"{\r\n    \"location\": {\r\n        \"reference\":\"ref-ref-fref-fer\",\r\n        \"location\":\"Abuja\",\r\n        \"code\":\"1234\"\r\n    },\r\n    \"year\": {\r\n        \"reference\":\"ref-ref-fref-fer\",\r\n        \"year\":\"2022\",\r\n        \"code\":\"5678\"\r\n    },\r\n    \"denomination\": {\r\n        \"reference\":\"ref-ref-fref-fer\",\r\n        \"denomination\":\"NGN\",\r\n        \"code\":\"3457\"\r\n    },\r\n    \"quantity\":      2000000000,\r\n    \"is_deleted\": false\r\n}","message":"OK : {\"status\":\"SENT\"} ... ","logger_name":"","app_name":"bnt-notification-service","path":"/notification/66d8c9b7-408f-4637-b318-deb8db05d5d5/status","method":"GET","X-Barafiri-Correlation-Id":"f40763b6-8396-4a64-949b-ee3db2d41022","User-Agent":"PostmanRuntime/7.29.0","X-Barafiri-Response-Time":"0s","X-Barafiri-Application-Host":"localhost:20001","X-Forwarded-For":""}
{"@timestamp":"2022-06-23T11:40:58+01:00","level":"INFO","app_name":"bnt-notification-service","message":"Initializing Mongo!"}
{"@timestamp":"2022-06-23T11:40:58+01:00","level":"INFO","app_name":"bnt-notification-service","message":"Establishing mongoDB connection with given credentials..."}
{"@timestamp":"2022-06-23T11:40:58+01:00","level":"INFO","app_name":"bnt-notification-service","message":"Connecting to MongoDB..."}
{"@timestamp":"2022-06-23T11:40:58+01:00","level":"INFO","app_name":"bnt-notification-service","message":"Confirming MongoDB Connection..."}
{"@timestamp":"2022-06-23T11:40:59+01:00","level":"INFO","app_name":"bnt-notification-service","message":"Establishing Database collections and indexes..."}
{"@timestamp":"2022-06-23T11:40:59+01:00","level":"INFO","app_name":"bnt-notification-service","message":"MongoDB Initialized!"}
{"@timestamp":"2022-06-23T11:40:59+01:00","level":"INFO","app_name":"bnt-notification-service","message":"Redis Initialized!"}
{"@timestamp":"2022-06-23T11:40:59+01:00","level":"INFO","app_name":"bnt-notification-service","message":"Configuring Routes!"}
{"@timestamp":"2022-06-23T11:40:59+01:00","level":"INFO","app_name":"bnt-notification-service","message":"Started bnt-notification-service on http://localhost:20001 in 0s"}
{"@timestamp":"2022-06-23T11:42:15+01:00","level":"INFO","app_name":"bnt-notification-service","message":"Creating notification with reference: dce42655-e59d-4386-aa79-2be260aaf17e"}
{"@timestamp":"2022-06-23T11:42:15+01:00","level":"INFO","app_name":"bnt-notification-service","message":"Persisting notification configurations with reference: dce42655-e59d-4386-aa79-2be260aaf17e"}
{"@timestamp":"2022-06-23T11:42:15+01:00","version":"1","level":"INFO","level_value":0,"statusCode":"201","pay_load":"","message":"Created : {\"reference\":\"dce42655-e59d-4386-aa79-2be260aaf17e\"} ... ","logger_name":"","app_name":"bnt-notification-service","path":"/notification","method":"POST","X-Barafiri-Correlation-Id":"705b9eee-34d0-41ef-a6c9-ff361f098b85","User-Agent":"PostmanRuntime/7.29.0","X-Barafiri-Response-Time":"0s","X-Barafiri-Application-Host":"localhost:20001","X-Forwarded-For":""}
{"@timestamp":"2022-06-23T11:42:35+01:00","level":"INFO","app_name":"bnt-notification-service","message":"Enabling notification with reference: dce42655-e59d-4386-aa79-2be260aaf17e"}
{"@timestamp":"2022-06-23T11:42:35+01:00","level":"INFO","app_name":"bnt-notification-service","message":"Getting notification with reference: dce42655-e59d-4386-aa79-2be260aaf17e"}
{"@timestamp":"2022-06-23T11:42:35+01:00","level":"INFO","app_name":"bnt-notification-service","message":"Retrieving notification configurations with reference: dce42655-e59d-4386-aa79-2be260aaf17e"}
{"@timestamp":"2022-06-23T11:42:35+01:00","level":"INFO","app_name":"bnt-notification-service","message":"Retrieving notification configurations with reference: dce42655-e59d-4386-aa79-2be260aaf17e completed successfully. "}
{"@timestamp":"2022-06-23T11:42:35+01:00","level":"INFO","app_name":"bnt-notification-service","message":"Retrieving notification configurations with reference: dce42655-e59d-4386-aa79-2be260aaf17e"}
{"@timestamp":"2022-06-23T11:42:35+01:00","level":"INFO","app_name":"bnt-notification-service","message":"Retrieving notification configurations with reference: dce42655-e59d-4386-aa79-2be260aaf17e completed successfully. "}
{"@timestamp":"2022-06-23T11:42:35+01:00","version":"1","level":"INFO","level_value":0,"statusCode":"200","pay_load":"{\r\n    \"channel\": \"EMAIL\",\r\n    \"type\": \"INSTANT\",\r\n    \"subject\": \"bnt OTP\",\r\n    \"from\": \"hello@bnt.com\",\r\n    \"to\": \"robocop@robocop.com\",\r\n    \"message\": \"Thank you for signing up!\",\r\n    \"send_at\": \"2021-11-27T07:40:00\"\r\n}","message":"OK : {\"status\":\"SENT\"} ... ","logger_name":"","app_name":"bnt-notification-service","path":"/notification/dce42655-e59d-4386-aa79-2be260aaf17e/status","method":"GET","X-Barafiri-Correlation-Id":"f11947c1-c0ec-4e22-a37f-720a4b4505d8","User-Agent":"PostmanRuntime/7.29.0","X-Barafiri-Response-Time":"0s","X-Barafiri-Application-Host":"localhost:20001","X-Forwarded-For":""}
{"@timestamp":"2022-06-23T11:43:28+01:00","level":"INFO","app_name":"bnt-notification-service","message":"Enabling notification with reference: dce42655-e59d-4386-aa79-2be260aaf17e"}
{"@timestamp":"2022-06-23T11:43:28+01:00","level":"INFO","app_name":"bnt-notification-service","message":"Getting notification with reference: dce42655-e59d-4386-aa79-2be260aaf17e"}
{"@timestamp":"2022-06-23T11:43:28+01:00","level":"INFO","app_name":"bnt-notification-service","message":"Retrieving notification configurations with reference: dce42655-e59d-4386-aa79-2be260aaf17e"}
{"@timestamp":"2022-06-23T11:43:28+01:00","level":"INFO","app_name":"bnt-notification-service","message":"Retrieving notification configurations with reference: dce42655-e59d-4386-aa79-2be260aaf17e completed successfully. "}
{"@timestamp":"2022-06-23T11:43:28+01:00","level":"INFO","app_name":"bnt-notification-service","message":"Retrieving notification configurations with reference: dce42655-e59d-4386-aa79-2be260aaf17e"}
{"@timestamp":"2022-06-23T11:43:28+01:00","level":"INFO","app_name":"bnt-notification-service","message":"Retrieving notification configurations with reference: dce42655-e59d-4386-aa79-2be260aaf17e completed successfully. "}
{"@timestamp":"2022-06-23T11:43:28+01:00","version":"1","level":"INFO","level_value":0,"statusCode":"200","pay_load":"{\r\n    \"channel\": \"EMAIL\",\r\n    \"type\": \"SCHEDULED\",\r\n    \"subject\": \"bnt OTP\",\r\n    \"from\": \"hello@bnt.com\",\r\n    \"to\": \"robocop@robocop.com\",\r\n    \"message\": \"Thank you for signing up!\",\r\n    \"send_at\": \"2022-06-23T11:45:00\"\r\n}","message":"OK : {\"status\":\"SENT\"} ... ","logger_name":"","app_name":"bnt-notification-service","path":"/notification/dce42655-e59d-4386-aa79-2be260aaf17e/status","method":"GET","X-Barafiri-Correlation-Id":"3fafc98d-570b-4826-bed2-ff303edd4503","User-Agent":"PostmanRuntime/7.29.0","X-Barafiri-Response-Time":"0s","X-Barafiri-Application-Host":"localhost:20001","X-Forwarded-For":""}
{"@timestamp":"2022-06-23T11:43:38+01:00","level":"INFO","app_name":"bnt-notification-service","message":"Creating notification with reference: 524b0c0f-58cc-4ffc-9f61-6cfab7c05470"}
{"@timestamp":"2022-06-23T11:43:38+01:00","level":"INFO","app_name":"bnt-notification-service","message":"Persisting notification configurations with reference: 524b0c0f-58cc-4ffc-9f61-6cfab7c05470"}
{"@timestamp":"2022-06-23T11:43:38+01:00","version":"1","level":"INFO","level_value":0,"statusCode":"201","pay_load":"","message":"Created : {\"reference\":\"524b0c0f-58cc-4ffc-9f61-6cfab7c05470\"} ... ","logger_name":"","app_name":"bnt-notification-service","path":"/notification","method":"POST","X-Barafiri-Correlation-Id":"81de2038-cf80-4166-b64a-3c784542f559","User-Agent":"PostmanRuntime/7.29.0","X-Barafiri-Response-Time":"0s","X-Barafiri-Application-Host":"localhost:20001","X-Forwarded-For":""}
{"@timestamp":"2022-06-23T11:43:51+01:00","version":"1","level":"ERROR","level_value":0,"statusCode":"404","pay_load":"{\r\n    \"channel\": \"EMAIL\",\r\n    \"type\": \"SCHEDULED\",\r\n    \"subject\": \"bnt OTP\",\r\n    \"from\": \"hello@bnt.com\",\r\n    \"to\": \"robocop@robocop.com\",\r\n    \"message\": \"Thank you for signing up!\",\r\n    \"send_at\": \"2022-06-23T11:45:00\"\r\n}","message":"Not Found : {\"error_reference\":\"b368aad2-6e57-4613-848e-4cf7a766899f\",\"timestamp\":\"2022-06-23T11:43:51+01:00\",\"errors\":[{\"code\":\"INVALID_RESOURCE_ERROR\",\"message\":\"this resource does not exist\",\"source\":\"bnt-noti ... ","logger_name":"","app_name":"bnt-notification-service","path":"/notification/524b0c0f-58cc-4ffc-9f61-6cfab7c05470/status","method":"POST","X-Barafiri-Correlation-Id":"0ba85672-9ded-4b46-969c-443682a33eeb","User-Agent":"PostmanRuntime/7.29.0","X-Barafiri-Response-Time":"0s","X-Barafiri-Application-Host":"localhost:20001","X-Forwarded-For":""}
{"@timestamp":"2022-06-23T11:47:03+01:00","level":"INFO","app_name":"bnt-notification-service","message":"Creating notification with reference: b936c41b-ce6a-42b9-bf18-ea55ae4da58a"}
{"@timestamp":"2022-06-23T11:47:03+01:00","level":"INFO","app_name":"bnt-notification-service","message":"Persisting notification configurations with reference: b936c41b-ce6a-42b9-bf18-ea55ae4da58a"}
{"@timestamp":"2022-06-23T11:47:03+01:00","version":"1","level":"INFO","level_value":0,"statusCode":"201","pay_load":"","message":"Created : {\"reference\":\"b936c41b-ce6a-42b9-bf18-ea55ae4da58a\"} ... ","logger_name":"","app_name":"bnt-notification-service","path":"/notification","method":"POST","X-Barafiri-Correlation-Id":"6cdd95de-de38-41a0-9082-978eabd1ed1f","User-Agent":"PostmanRuntime/7.29.0","X-Barafiri-Response-Time":"0s","X-Barafiri-Application-Host":"localhost:20001","X-Forwarded-For":""}
{"@timestamp":"2022-06-23T11:47:28+01:00","version":"1","level":"ERROR","level_value":0,"statusCode":"404","pay_load":"{\r\n    \"channel\": \"EMAIL\",\r\n    \"type\": \"SCHEDULED\",\r\n    \"subject\": \"bnt OTP\",\r\n    \"from\": \"hello@bnt.com\",\r\n    \"to\": \"robocop@robocop.com\",\r\n    \"message\": \"Thank you for signing up!\",\r\n    \"send_at\": \"2022-06-23T11:48:00\"\r\n}","message":"Not Found : {\"error_reference\":\"74c178f4-c477-4233-baa2-378a91e5d6e3\",\"timestamp\":\"2022-06-23T11:47:28+01:00\",\"errors\":[{\"code\":\"INVALID_RESOURCE_ERROR\",\"message\":\"this resource does not exist\",\"source\":\"bnt-noti ... ","logger_name":"","app_name":"bnt-notification-service","path":"/notification/b936c41b-ce6a-42b9-bf18-ea55ae4da58a/status","method":"POST","X-Barafiri-Correlation-Id":"a4a10be4-7cce-4426-8a8e-63514a2e06b1","User-Agent":"PostmanRuntime/7.29.0","X-Barafiri-Response-Time":"0s","X-Barafiri-Application-Host":"localhost:20001","X-Forwarded-For":""}
{"@timestamp":"2022-06-23T11:47:33+01:00","level":"INFO","app_name":"bnt-notification-service","message":"Enabling notification with reference: b936c41b-ce6a-42b9-bf18-ea55ae4da58a"}
{"@timestamp":"2022-06-23T11:47:33+01:00","level":"INFO","app_name":"bnt-notification-service","message":"Getting notification with reference: b936c41b-ce6a-42b9-bf18-ea55ae4da58a"}
{"@timestamp":"2022-06-23T11:47:33+01:00","level":"INFO","app_name":"bnt-notification-service","message":"Retrieving notification configurations with reference: b936c41b-ce6a-42b9-bf18-ea55ae4da58a"}
{"@timestamp":"2022-06-23T11:47:33+01:00","level":"INFO","app_name":"bnt-notification-service","message":"Retrieving notification configurations with reference: b936c41b-ce6a-42b9-bf18-ea55ae4da58a completed successfully. "}
{"@timestamp":"2022-06-23T11:47:33+01:00","level":"INFO","app_name":"bnt-notification-service","message":"Retrieving notification configurations with reference: b936c41b-ce6a-42b9-bf18-ea55ae4da58a"}
{"@timestamp":"2022-06-23T11:47:33+01:00","level":"INFO","app_name":"bnt-notification-service","message":"Retrieving notification configurations with reference: b936c41b-ce6a-42b9-bf18-ea55ae4da58a completed successfully. "}
{"@timestamp":"2022-06-23T11:47:33+01:00","version":"1","level":"INFO","level_value":0,"statusCode":"200","pay_load":"{\r\n    \"channel\": \"EMAIL\",\r\n    \"type\": \"SCHEDULED\",\r\n    \"subject\": \"bnt OTP\",\r\n    \"from\": \"hello@bnt.com\",\r\n    \"to\": \"robocop@robocop.com\",\r\n    \"message\": \"Thank you for signing up!\",\r\n    \"send_at\": \"2022-06-23T11:48:00\"\r\n}","message":"OK : {\"status\":\"PENDING\"} ... ","logger_name":"","app_name":"bnt-notification-service","path":"/notification/b936c41b-ce6a-42b9-bf18-ea55ae4da58a/status","method":"GET","X-Barafiri-Correlation-Id":"3662e74d-e46b-4cd2-9b18-d37c2e50fab1","User-Agent":"PostmanRuntime/7.29.0","X-Barafiri-Response-Time":"0s","X-Barafiri-Application-Host":"localhost:20001","X-Forwarded-For":""}
{"@timestamp":"2022-06-23T11:50:43+01:00","level":"INFO","app_name":"bnt-notification-service","message":"Enabling notification with reference: b936c41b-ce6a-42b9-bf18-ea55ae4da58a"}
{"@timestamp":"2022-06-23T11:50:43+01:00","level":"INFO","app_name":"bnt-notification-service","message":"Getting notification with reference: b936c41b-ce6a-42b9-bf18-ea55ae4da58a"}
{"@timestamp":"2022-06-23T11:50:43+01:00","level":"INFO","app_name":"bnt-notification-service","message":"Retrieving notification configurations with reference: b936c41b-ce6a-42b9-bf18-ea55ae4da58a"}
{"@timestamp":"2022-06-23T11:50:43+01:00","level":"INFO","app_name":"bnt-notification-service","message":"Retrieving notification configurations with reference: b936c41b-ce6a-42b9-bf18-ea55ae4da58a completed successfully. "}
{"@timestamp":"2022-06-23T11:50:43+01:00","level":"INFO","app_name":"bnt-notification-service","message":"Retrieving notification configurations with reference: b936c41b-ce6a-42b9-bf18-ea55ae4da58a"}
{"@timestamp":"2022-06-23T11:50:43+01:00","level":"INFO","app_name":"bnt-notification-service","message":"Retrieving notification configurations with reference: b936c41b-ce6a-42b9-bf18-ea55ae4da58a completed successfully. "}
{"@timestamp":"2022-06-23T11:50:43+01:00","version":"1","level":"INFO","level_value":0,"statusCode":"200","pay_load":"{\r\n    \"channel\": \"EMAIL\",\r\n    \"type\": \"SCHEDULED\",\r\n    \"subject\": \"bnt OTP\",\r\n    \"from\": \"hello@bnt.com\",\r\n    \"to\": \"robocop@robocop.com\",\r\n    \"message\": \"Thank you for signing up!\",\r\n    \"send_at\": \"2022-06-23T11:48:00\"\r\n}","message":"OK : {\"status\":\"SENT\"} ... ","logger_name":"","app_name":"bnt-notification-service","path":"/notification/b936c41b-ce6a-42b9-bf18-ea55ae4da58a/status","method":"GET","X-Barafiri-Correlation-Id":"ecd1464c-2f13-4171-839f-8069915c8172","User-Agent":"PostmanRuntime/7.29.0","X-Barafiri-Response-Time":"0s","X-Barafiri-Application-Host":"localhost:20001","X-Forwarded-For":""}
{"@timestamp":"2022-06-23T12:22:17+01:00","level":"INFO","app_name":"bnt-notification-service","message":"Initializing Mongo!"}
{"@timestamp":"2022-06-23T12:22:17+01:00","level":"INFO","app_name":"bnt-notification-service","message":"Establishing mongoDB connection with given credentials..."}
{"@timestamp":"2022-06-23T12:22:17+01:00","level":"INFO","app_name":"bnt-notification-service","message":"Connecting to MongoDB..."}
{"@timestamp":"2022-06-23T12:22:17+01:00","level":"INFO","app_name":"bnt-notification-service","message":"Confirming MongoDB Connection..."}
{"@timestamp":"2022-06-23T12:22:18+01:00","level":"INFO","app_name":"bnt-notification-service","message":"Establishing Database collections and indexes..."}
{"@timestamp":"2022-06-23T12:22:18+01:00","level":"INFO","app_name":"bnt-notification-service","message":"MongoDB Initialized!"}
{"@timestamp":"2022-06-23T12:22:18+01:00","level":"INFO","app_name":"bnt-notification-service","message":"Redis Initialized!"}
{"@timestamp":"2022-06-23T12:22:18+01:00","level":"INFO","app_name":"bnt-notification-service","message":"Configuring Routes!"}
{"@timestamp":"2022-06-23T12:22:18+01:00","level":"INFO","app_name":"bnt-notification-service","message":"Started bnt-notification-service on http://localhost:20001 in 0s"}
{"@timestamp":"2022-06-23T12:22:28+01:00","level":"INFO","app_name":"bnt-notification-service","message":"Enabling notification with reference: b936c41b-ce6a-42b9-bf18-ea55ae4da58a"}
{"@timestamp":"2022-06-23T12:22:28+01:00","level":"INFO","app_name":"bnt-notification-service","message":"Getting notification with reference: b936c41b-ce6a-42b9-bf18-ea55ae4da58a"}
{"@timestamp":"2022-06-23T12:22:28+01:00","level":"INFO","app_name":"bnt-notification-service","message":"Retrieving notification configurations with reference: b936c41b-ce6a-42b9-bf18-ea55ae4da58a"}
{"@timestamp":"2022-06-23T12:22:28+01:00","level":"INFO","app_name":"bnt-notification-service","message":"Retrieving notification configurations with reference: b936c41b-ce6a-42b9-bf18-ea55ae4da58a completed successfully. "}
{"@timestamp":"2022-06-23T12:22:28+01:00","level":"INFO","app_name":"bnt-notification-service","message":"Retrieving notification configurations with reference: b936c41b-ce6a-42b9-bf18-ea55ae4da58a"}
{"@timestamp":"2022-06-23T12:22:28+01:00","level":"INFO","app_name":"bnt-notification-service","message":"Retrieving notification configurations with reference: b936c41b-ce6a-42b9-bf18-ea55ae4da58a completed successfully. "}
{"@timestamp":"2022-06-23T12:22:28+01:00","version":"1","level":"INFO","level_value":0,"statusCode":"200","pay_load":"{\r\n    \"channel\": \"EMAIL\",\r\n    \"type\": \"SCHEDULED\",\r\n    \"subject\": \"bnt OTP\",\r\n    \"from\": \"hello@bnt.com\",\r\n    \"to\": \"robocop@robocop.com\",\r\n    \"message\": \"Thank you for signing up!\",\r\n    \"send_at\": \"2022-06-23T11:48:00\"\r\n}","message":"OK : {\"status\":\"SENT\"} ... ","logger_name":"","app_name":"bnt-notification-service","path":"/notification/b936c41b-ce6a-42b9-bf18-ea55ae4da58a/status","method":"GET","X-Barafiri-Correlation-Id":"a293da1c-4807-4948-81a6-15b7c3444655","User-Agent":"PostmanRuntime/7.29.0","X-Barafiri-Response-Time":"0s","X-Barafiri-Application-Host":"localhost:20001","X-Forwarded-For":""}
{"@timestamp":"2022-06-23T12:25:53+01:00","level":"INFO","app_name":"bnt-notification-service","message":"Initializing Mongo!"}
{"@timestamp":"2022-06-23T12:25:53+01:00","level":"INFO","app_name":"bnt-notification-service","message":"Establishing mongoDB connection with given credentials..."}
{"@timestamp":"2022-06-23T12:25:53+01:00","level":"INFO","app_name":"bnt-notification-service","message":"Connecting to MongoDB..."}
{"@timestamp":"2022-06-23T12:25:53+01:00","level":"INFO","app_name":"bnt-notification-service","message":"Confirming MongoDB Connection..."}
{"@timestamp":"2022-06-23T12:25:53+01:00","level":"INFO","app_name":"bnt-notification-service","message":"Establishing Database collections and indexes..."}
{"@timestamp":"2022-06-23T12:25:53+01:00","level":"INFO","app_name":"bnt-notification-service","message":"MongoDB Initialized!"}
{"@timestamp":"2022-06-23T12:25:53+01:00","level":"INFO","app_name":"bnt-notification-service","message":"Redis Initialized!"}
{"@timestamp":"2022-06-23T12:25:53+01:00","level":"INFO","app_name":"bnt-notification-service","message":"Configuring Routes!"}
{"@timestamp":"2022-06-23T12:25:53+01:00","level":"INFO","app_name":"bnt-notification-service","message":"Started bnt-notification-service on http://localhost:20001 in 0s"}
{"@timestamp":"2022-06-23T12:26:02+01:00","level":"INFO","app_name":"bnt-notification-service","message":"Enabling notification with reference: b936c41b-ce6a-42b9-bf18-ea55ae4da58a"}
{"@timestamp":"2022-06-23T12:26:02+01:00","level":"INFO","app_name":"bnt-notification-service","message":"Getting notification with reference: b936c41b-ce6a-42b9-bf18-ea55ae4da58a"}
{"@timestamp":"2022-06-23T12:26:02+01:00","level":"INFO","app_name":"bnt-notification-service","message":"Retrieving notification configurations with reference: b936c41b-ce6a-42b9-bf18-ea55ae4da58a"}
{"@timestamp":"2022-06-23T12:26:02+01:00","level":"INFO","app_name":"bnt-notification-service","message":"Retrieving notification configurations with reference: b936c41b-ce6a-42b9-bf18-ea55ae4da58a completed successfully. "}
{"@timestamp":"2022-06-23T12:26:02+01:00","level":"INFO","app_name":"bnt-notification-service","message":"Retrieving notification configurations with reference: b936c41b-ce6a-42b9-bf18-ea55ae4da58a"}
{"@timestamp":"2022-06-23T12:26:02+01:00","level":"INFO","app_name":"bnt-notification-service","message":"Retrieving notification configurations with reference: b936c41b-ce6a-42b9-bf18-ea55ae4da58a completed successfully. "}
{"@timestamp":"2022-06-23T12:26:02+01:00","version":"1","level":"INFO","level_value":0,"statusCode":"200","pay_load":"{\r\n    \"channel\": \"EMAIL\",\r\n    \"type\": \"SCHEDULED\",\r\n    \"subject\": \"bnt OTP\",\r\n    \"from\": \"hello@bnt.com\",\r\n    \"to\": \"robocop@robocop.com\",\r\n    \"message\": \"Thank you for signing up!\",\r\n    \"send_at\": \"2022-06-23T11:48:00\"\r\n}","message":"OK : {\"status\":\"SENT\"} ... ","logger_name":"","app_name":"bnt-notification-service","path":"/notification/b936c41b-ce6a-42b9-bf18-ea55ae4da58a/status","method":"GET","X-Barafiri-Correlation-Id":"27f21221-ec6c-47e3-9838-2e4d8b1fa329","User-Agent":"PostmanRuntime/7.29.0","X-Barafiri-Response-Time":"0s","X-Barafiri-Application-Host":"localhost:20001","X-Forwarded-For":""}
{"@timestamp":"2022-06-23T12:32:20+01:00","level":"INFO","app_name":"bnt-notification-service","message":"Initializing Mongo!"}
{"@timestamp":"2022-06-23T12:32:20+01:00","level":"INFO","app_name":"bnt-notification-service","message":"Establishing mongoDB connection with given credentials..."}
{"@timestamp":"2022-06-23T12:32:20+01:00","level":"INFO","app_name":"bnt-notification-service","message":"Connecting to MongoDB..."}
{"@timestamp":"2022-06-23T12:32:20+01:00","level":"INFO","app_name":"bnt-notification-service","message":"Confirming MongoDB Connection..."}
{"@timestamp":"2022-06-23T12:32:21+01:00","level":"INFO","app_name":"bnt-notification-service","message":"Establishing Database collections and indexes..."}
{"@timestamp":"2022-06-23T12:32:21+01:00","level":"INFO","app_name":"bnt-notification-service","message":"MongoDB Initialized!"}
{"@timestamp":"2022-06-23T12:32:21+01:00","level":"INFO","app_name":"bnt-notification-service","message":"Redis Initialized!"}
{"@timestamp":"2022-06-23T12:32:21+01:00","level":"INFO","app_name":"bnt-notification-service","message":"Configuring Routes!"}
{"@timestamp":"2022-06-23T12:32:21+01:00","level":"INFO","app_name":"bnt-notification-service","message":"Started bnt-notification-service on http://localhost:20001 in 0s"}
{"@timestamp":"2022-06-23T12:32:29+01:00","level":"INFO","app_name":"bnt-notification-service","message":"Enabling notification with reference: b936c41b-ce6a-42b9-bf18-ea55ae4da58a"}
{"@timestamp":"2022-06-23T12:32:29+01:00","level":"INFO","app_name":"bnt-notification-service","message":"Getting notification with reference: b936c41b-ce6a-42b9-bf18-ea55ae4da58a"}
{"@timestamp":"2022-06-23T12:32:29+01:00","level":"INFO","app_name":"bnt-notification-service","message":"Retrieving notification configurations with reference: b936c41b-ce6a-42b9-bf18-ea55ae4da58a"}
{"@timestamp":"2022-06-23T12:32:29+01:00","level":"INFO","app_name":"bnt-notification-service","message":"Retrieving notification configurations with reference: b936c41b-ce6a-42b9-bf18-ea55ae4da58a completed successfully. "}
{"@timestamp":"2022-06-23T12:32:29+01:00","level":"INFO","app_name":"bnt-notification-service","message":"Retrieving notification configurations with reference: b936c41b-ce6a-42b9-bf18-ea55ae4da58a"}
{"@timestamp":"2022-06-23T12:32:29+01:00","level":"INFO","app_name":"bnt-notification-service","message":"Retrieving notification configurations with reference: b936c41b-ce6a-42b9-bf18-ea55ae4da58a completed successfully. "}
{"@timestamp":"2022-06-23T12:32:29+01:00","version":"1","level":"INFO","level_value":0,"statusCode":"200","pay_load":"{\r\n    \"channel\": \"EMAIL\",\r\n    \"type\": \"SCHEDULED\",\r\n    \"subject\": \"bnt OTP\",\r\n    \"from\": \"hello@bnt.com\",\r\n    \"to\": \"robocop@robocop.com\",\r\n    \"message\": \"Thank you for signing up!\",\r\n    \"send_at\": \"2022-06-23T11:48:00\"\r\n}","message":"OK : {\"status\":\"SENT\"} ... ","logger_name":"","app_name":"bnt-notification-service","path":"/notification/b936c41b-ce6a-42b9-bf18-ea55ae4da58a/status","method":"GET","X-Barafiri-Correlation-Id":"d663b27c-815b-4627-ac5b-fe2b8acd38b6","User-Agent":"PostmanRuntime/7.29.0","X-Barafiri-Response-Time":"0s","X-Barafiri-Application-Host":"localhost:20001","X-Forwarded-For":""}
{"@timestamp":"2022-07-05T11:06:02+01:00","level":"INFO","app_name":"bnt-notification-service","message":"Initializing Mongo!"}
{"@timestamp":"2022-07-05T11:06:02+01:00","level":"INFO","app_name":"bnt-notification-service","message":"Establishing mongoDB connection with given credentials..."}
{"@timestamp":"2022-07-05T11:06:02+01:00","level":"INFO","app_name":"bnt-notification-service","message":"Connecting to MongoDB..."}
{"@timestamp":"2022-07-05T11:06:02+01:00","level":"INFO","app_name":"bnt-notification-service","message":"Confirming MongoDB Connection..."}
{"@timestamp":"2022-07-05T11:06:05+01:00","level":"INFO","app_name":"bnt-notification-service","message":"Establishing Database collections and indexes..."}
{"@timestamp":"2022-07-05T11:06:05+01:00","level":"INFO","app_name":"bnt-notification-service","message":"MongoDB Initialized!"}
{"@timestamp":"2022-07-05T11:06:05+01:00","level":"INFO","app_name":"bnt-notification-service","message":"Redis Initialized!"}
{"@timestamp":"2022-07-05T11:06:05+01:00","level":"INFO","app_name":"bnt-notification-service","message":"Configuring Routes!"}
{"@timestamp":"2022-07-05T11:06:05+01:00","level":"INFO","app_name":"bnt-notification-service","message":"Started bnt-notification-service on http://localhost:20001 in 0s"}
{"@timestamp":"2022-07-06T20:25:06+01:00","level":"INFO","app_name":"bnt-notification-service","message":"Initializing Mongo!"}
{"@timestamp":"2022-07-06T20:25:06+01:00","level":"INFO","app_name":"bnt-notification-service","message":"Establishing mongoDB connection with given credentials..."}
{"@timestamp":"2022-07-06T20:25:06+01:00","level":"INFO","app_name":"bnt-notification-service","message":"Connecting to MongoDB..."}
{"@timestamp":"2022-07-06T20:25:06+01:00","level":"INFO","app_name":"bnt-notification-service","message":"Confirming MongoDB Connection..."}
{"@timestamp":"2022-07-06T20:25:06+01:00","level":"INFO","app_name":"bnt-notification-service","message":"Establishing Database collections and indexes..."}
{"@timestamp":"2022-07-06T20:25:06+01:00","level":"INFO","app_name":"bnt-notification-service","message":"MongoDB Initialized!"}
{"@timestamp":"2022-07-06T20:25:06+01:00","level":"INFO","app_name":"bnt-notification-service","message":"Redis Initialized!"}
{"@timestamp":"2022-07-06T20:25:06+01:00","level":"INFO","app_name":"bnt-notification-service","message":"Configuring Routes!"}
{"@timestamp":"2022-07-06T20:25:06+01:00","level":"INFO","app_name":"bnt-notification-service","message":"Started bnt-notification-service on http://localhost:20001 in 0s"}
{"@timestamp":"2022-07-06T20:41:16+01:00","level":"INFO","app_name":"bnt-notification-service","message":"Initializing Mongo!"}
{"@timestamp":"2022-07-06T20:41:16+01:00","level":"INFO","app_name":"bnt-notification-service","message":"Establishing mongoDB connection with given credentials..."}
{"@timestamp":"2022-07-06T20:41:16+01:00","level":"INFO","app_name":"bnt-notification-service","message":"Connecting to MongoDB..."}
{"@timestamp":"2022-07-06T20:41:16+01:00","level":"INFO","app_name":"bnt-notification-service","message":"Confirming MongoDB Connection..."}
{"@timestamp":"2022-07-06T20:41:17+01:00","level":"INFO","app_name":"bnt-notification-service","message":"Establishing Database collections and indexes..."}
{"@timestamp":"2022-07-06T20:41:17+01:00","level":"INFO","app_name":"bnt-notification-service","message":"MongoDB Initialized!"}
{"@timestamp":"2022-07-06T20:41:17+01:00","level":"INFO","app_name":"bnt-notification-service","message":"Redis Initialized!"}
{"@timestamp":"2022-07-06T20:41:17+01:00","level":"INFO","app_name":"bnt-notification-service","message":"Configuring Routes!"}
{"@timestamp":"2022-07-06T20:41:17+01:00","level":"INFO","app_name":"bnt-notification-service","message":"Started bnt-notification-service on http://localhost:20001 in 0s"}
{"@timestamp":"2022-07-10T11:36:50+01:00","level":"INFO","app_name":"bnt-notification-service","message":"Initializing Mongo!"}
{"@timestamp":"2022-07-10T11:36:50+01:00","level":"INFO","app_name":"bnt-notification-service","message":"Establishing mongoDB connection with given credentials..."}
{"@timestamp":"2022-07-10T11:36:50+01:00","level":"INFO","app_name":"bnt-notification-service","message":"Connecting to MongoDB..."}
{"@timestamp":"2022-07-10T11:36:50+01:00","level":"INFO","app_name":"bnt-notification-service","message":"Confirming MongoDB Connection..."}
{"@timestamp":"2022-07-10T11:36:50+01:00","level":"INFO","app_name":"bnt-notification-service","message":"Establishing Database collections and indexes..."}
{"@timestamp":"2022-07-10T11:36:50+01:00","level":"INFO","app_name":"bnt-notification-service","message":"MongoDB Initialized!"}
{"@timestamp":"2022-07-10T11:36:50+01:00","level":"INFO","app_name":"bnt-notification-service","message":"Redis Initialized!"}
{"@timestamp":"2022-07-10T11:36:50+01:00","level":"INFO","app_name":"bnt-notification-service","message":"Configuring Routes!"}
{"@timestamp":"2022-07-10T11:36:50+01:00","level":"INFO","app_name":"bnt-notification-service","message":"Started bnt-notification-service on http://localhost:20001 in 0s"}
{"@timestamp":"2022-07-10T11:55:22+01:00","level":"INFO","app_name":"bnt-notification-service","message":"Initializing Mongo!"}
{"@timestamp":"2022-07-10T11:55:22+01:00","level":"INFO","app_name":"bnt-notification-service","message":"Establishing mongoDB connection with given credentials..."}
{"@timestamp":"2022-07-10T11:55:22+01:00","level":"INFO","app_name":"bnt-notification-service","message":"Connecting to MongoDB..."}
{"@timestamp":"2022-07-10T11:55:22+01:00","level":"INFO","app_name":"bnt-notification-service","message":"Confirming MongoDB Connection..."}
{"@timestamp":"2022-07-10T11:55:22+01:00","level":"INFO","app_name":"bnt-notification-service","message":"Establishing Database collections and indexes..."}
{"@timestamp":"2022-07-10T11:55:22+01:00","level":"INFO","app_name":"bnt-notification-service","message":"MongoDB Initialized!"}
{"@timestamp":"2022-07-10T11:55:22+01:00","level":"INFO","app_name":"bnt-notification-service","message":"Redis Initialized!"}
{"@timestamp":"2022-07-10T11:55:22+01:00","level":"INFO","app_name":"bnt-notification-service","message":"Configuring Routes!"}
{"@timestamp":"2022-07-10T11:55:22+01:00","level":"INFO","app_name":"bnt-notification-service","message":"Started bnt-notification-service on http://localhost:20001 in 0s"}
{"@timestamp":"2022-07-10T11:57:33+01:00","level":"INFO","app_name":"bnt-notification-service","message":"Persisting notification configurations with reference: b9e96d34-f77d-4858-9b68-edd0afbc302b"}
{"@timestamp":"2022-07-10T11:57:33+01:00","version":"1","level":"INFO","level_value":0,"statusCode":"201","pay_load":"","message":"Created : {\"reference\":\"b9e96d34-f77d-4858-9b68-edd0afbc302b\"} ... ","logger_name":"","app_name":"bnt-notification-service","path":"/notification","method":"POST","X-Barafiri-Correlation-Id":"8e737514-070f-4abb-9d5a-b582a6954394","User-Agent":"PostmanRuntime/7.29.0","X-Barafiri-Response-Time":"0s","X-Barafiri-Application-Host":"localhost:20001","X-Forwarded-For":""}
{"@timestamp":"2022-07-10T11:59:59+01:00","level":"INFO","app_name":"bnt-notification-service","message":"updating scheduled notification with reference b9e96d34-f77d-4858-9b68-edd0afbc302b"}
