{"@timestamp":"2022-11-02T11:06:13+01:00","level":"INFO","app_name":"notification-service","message":"Initializing Mongo!"}
{"@timestamp":"2022-11-02T11:06:14+01:00","level":"INFO","app_name":"notification-service","message":"Establishing mongoDB connection with given credentials..."}
{"@timestamp":"2022-11-02T11:06:14+01:00","level":"INFO","app_name":"notification-service","message":"Connecting to MongoDB..."}
{"@timestamp":"2022-11-02T11:06:14+01:00","level":"INFO","app_name":"notification-service","message":"Confirming MongoDB Connection..."}
{"@timestamp":"2022-11-02T11:06:14+01:00","level":"INFO","app_name":"notification-service","message":"Establishing Database collections and indexes..."}
{"@timestamp":"2022-11-02T11:06:14+01:00","level":"INFO","app_name":"notification-service","message":"MongoDB Initialized!"}
{"@timestamp":"2022-11-02T11:06:14+01:00","level":"INFO","app_name":"notification-service","message":"Redis Initialized!"}
{"@timestamp":"2022-11-02T11:06:14+01:00","level":"INFO","app_name":"notification-service","message":"Configuring Routes!"}
{"@timestamp":"2022-11-02T11:06:14+01:00","level":"INFO","app_name":"notification-service","message":"Started notification-service on http://localhost:20001 in 997.4µs"}
{"@timestamp":"2022-11-02T11:06:38+01:00","level":"INFO","app_name":"notification-service","message":"Persisting notification configurations with reference: 523c6ae1-b04a-41cc-9e00-092aa6bd23ed"}
{"@timestamp":"2022-11-02T11:06:38+01:00","version":"1","level":"INFO","level_value":0,"statusCode":"201","pay_load":"","message":"Created : {\"reference\":\"523c6ae1-b04a-41cc-9e00-092aa6bd23ed\"} ... ","logger_name":"","app_name":"notification-service","path":"/notification","method":"POST","X-Barafiri-Correlation-Id":"b33e8dc3-e9df-443d-8af0-c7a56de82e02","User-Agent":"PostmanRuntime/7.29.2","X-Barafiri-Response-Time":"0s","X-Barafiri-Application-Host":"localhost:20001","X-Forwarded-For":""}
{"@timestamp":"2022-11-02T11:08:48+01:00","level":"INFO","app_name":"notification-service","message":"Persisting notification configurations with reference: 8b52faa8-c6e2-4632-a6ae-adf04d9a4339"}
{"@timestamp":"2022-11-02T11:08:48+01:00","version":"1","level":"INFO","level_value":0,"statusCode":"201","pay_load":"","message":"Created : {\"reference\":\"8b52faa8-c6e2-4632-a6ae-adf04d9a4339\"} ... ","logger_name":"","app_name":"notification-service","path":"/notification","method":"POST","X-Barafiri-Correlation-Id":"5283ef56-d172-4468-afa8-1bc1f0e167f1","User-Agent":"PostmanRuntime/7.29.2","X-Barafiri-Response-Time":"0s","X-Barafiri-Application-Host":"localhost:20001","X-Forwarded-For":""}
{"@timestamp":"2022-11-02T11:10:02+01:00","level":"INFO","app_name":"notification-service","message":"updating scheduled notification with reference 8b52faa8-c6e2-4632-a6ae-adf04d9a4339"}
{"@timestamp":"2022-11-02T11:16:34+01:00","level":"INFO","app_name":"notification-service","message":"Initializing Mongo!"}
{"@timestamp":"2022-11-02T11:16:34+01:00","level":"INFO","app_name":"notification-service","message":"Establishing mongoDB connection with given credentials..."}
{"@timestamp":"2022-11-02T11:16:34+01:00","level":"INFO","app_name":"notification-service","message":"Connecting to MongoDB..."}
{"@timestamp":"2022-11-02T11:16:34+01:00","level":"INFO","app_name":"notification-service","message":"Confirming MongoDB Connection..."}
{"@timestamp":"2022-11-02T11:16:35+01:00","level":"INFO","app_name":"notification-service","message":"Establishing Database collections and indexes..."}
{"@timestamp":"2022-11-02T11:16:35+01:00","level":"INFO","app_name":"notification-service","message":"MongoDB Initialized!"}
{"@timestamp":"2022-11-02T11:16:35+01:00","level":"INFO","app_name":"notification-service","message":"Redis Initialized!"}
{"@timestamp":"2022-11-02T11:16:35+01:00","level":"INFO","app_name":"notification-service","message":"Configuring Routes!"}
{"@timestamp":"2022-11-02T11:16:35+01:00","level":"INFO","app_name":"notification-service","message":"Started notification-service on http://localhost:20001 in 0s"}
{"@timestamp":"2022-11-02T11:17:27+01:00","level":"INFO","app_name":"notification-service","message":"Persisting notification configurations with reference: 4955a8e9-3c2e-4fc3-bc56-0246b828c8c0"}
{"@timestamp":"2022-11-02T11:17:27+01:00","version":"1","level":"INFO","level_value":0,"statusCode":"201","pay_load":"","message":"Created : {\"reference\":\"4955a8e9-3c2e-4fc3-bc56-0246b828c8c0\"} ... ","logger_name":"","app_name":"notification-service","path":"/notification","method":"POST","X-Barafiri-Correlation-Id":"c672f144-d3c8-4633-b7ef-2375289a5d3b","User-Agent":"PostmanRuntime/7.29.2","X-Barafiri-Response-Time":"0s","X-Barafiri-Application-Host":"localhost:20001","X-Forwarded-For":""}
{"@timestamp":"2022-11-02T11:17:55+01:00","level":"INFO","app_name":"notification-service","message":"time to send scheduled mail not a future time"}
{"@timestamp":"2022-11-02T11:17:55+01:00","version":"1","level":"ERROR","level_value":0,"statusCode":"400","pay_load":"","message":"Bad Request : {\"error_reference\":\"55868a73-0019-4c9a-8372-a3a2bd4ef8c9\",\"timestamp\":\"2022-11-02T11:17:55+01:00\",\"errors\":[{\"code\":\"INVALID_SCHEDULE_DATE_ERROR\",\"message\":\"You cannot schedule a task in the past. You ... ","logger_name":"","app_name":"notification-service","path":"/notification","method":"POST","X-Barafiri-Correlation-Id":"abdeaeba-41d2-43d7-b5dd-3ec6ca20b077","User-Agent":"PostmanRuntime/7.29.2","X-Barafiri-Response-Time":"0s","X-Barafiri-Application-Host":"localhost:20001","X-Forwarded-For":""}
{"@timestamp":"2022-11-02T11:18:10+01:00","level":"INFO","app_name":"notification-service","message":"Persisting notification configurations with reference: b2431636-d16c-405e-88b6-9554e3deaefb"}
{"@timestamp":"2022-11-02T11:18:10+01:00","version":"1","level":"INFO","level_value":0,"statusCode":"201","pay_load":"","message":"Created : {\"reference\":\"b2431636-d16c-405e-88b6-9554e3deaefb\"} ... ","logger_name":"","app_name":"notification-service","path":"/notification","method":"POST","X-Barafiri-Correlation-Id":"04ee7211-0210-4573-8e2f-7b6ef3377f92","User-Agent":"PostmanRuntime/7.29.2","X-Barafiri-Response-Time":"0s","X-Barafiri-Application-Host":"localhost:20001","X-Forwarded-For":""}
{"@timestamp":"2022-11-02T11:19:29+01:00","level":"INFO","app_name":"notification-service","message":"sending mail for scheduled notification with reference b2431636-d16c-405e-88b6-9554e3deaefb: EOF"}
{"@timestamp":"2022-11-02T11:20:12+01:00","level":"INFO","app_name":"notification-service","message":"time to send scheduled mail not a future time"}
{"@timestamp":"2022-11-02T11:20:12+01:00","version":"1","level":"ERROR","level_value":0,"statusCode":"400","pay_load":"","message":"Bad Request : {\"error_reference\":\"4c9b0f34-916b-4eb6-a62e-a679ba6c0d36\",\"timestamp\":\"2022-11-02T11:20:12+01:00\",\"errors\":[{\"code\":\"INVALID_SCHEDULE_DATE_ERROR\",\"message\":\"You cannot schedule a task in the past. You ... ","logger_name":"","app_name":"notification-service","path":"/notification","method":"POST","X-Barafiri-Correlation-Id":"07bdd64e-dab1-4095-bb8e-58d39d52dcd0","User-Agent":"PostmanRuntime/7.29.2","X-Barafiri-Response-Time":"0s","X-Barafiri-Application-Host":"localhost:20001","X-Forwarded-For":""}
{"@timestamp":"2022-11-02T11:20:23+01:00","level":"INFO","app_name":"notification-service","message":"Persisting notification configurations with reference: 9e8e3a70-809e-4b9f-855e-5bec6adf14d4"}
{"@timestamp":"2022-11-02T11:20:23+01:00","version":"1","level":"INFO","level_value":0,"statusCode":"201","pay_load":"","message":"Created : {\"reference\":\"9e8e3a70-809e-4b9f-855e-5bec6adf14d4\"} ... ","logger_name":"","app_name":"notification-service","path":"/notification","method":"POST","X-Barafiri-Correlation-Id":"a9e4548e-469a-479c-9257-3a7872e0f752","User-Agent":"PostmanRuntime/7.29.2","X-Barafiri-Response-Time":"0s","X-Barafiri-Application-Host":"localhost:20001","X-Forwarded-For":""}
{"@timestamp":"2022-11-02T11:21:22+01:00","level":"INFO","app_name":"notification-service","message":"sending mail for scheduled notification with reference 9e8e3a70-809e-4b9f-855e-5bec6adf14d4: dial tcp 173.194.76.109:587: connectex: A connection attempt failed because the connected party did not properly respond after a period of time, or established connection failed because connected host has failed to respond."}
{"@timestamp":"2022-11-02T11:23:52+01:00","level":"INFO","app_name":"notification-service","message":"sending mail for instant notification failed"}
{"@timestamp":"2022-11-02T11:23:52+01:00","version":"1","level":"ERROR","level_value":0,"statusCode":"400","pay_load":"","message":"Bad Request : {\"error_reference\":\"fc2bd69c-7fea-40a9-a030-78eaf706899a\",\"timestamp\":\"2022-11-02T11:23:52+01:00\",\"errors\":[{\"code\":\"SERVER_ERROR\",\"message\":\"something went wrong\",\"source\":\"notification-service\"}]} ... ","logger_name":"","app_name":"notification-service","path":"/notification","method":"POST","X-Barafiri-Correlation-Id":"216b05a3-e5ca-43b7-a677-5aa49c207124","User-Agent":"PostmanRuntime/7.29.2","X-Barafiri-Response-Time":"0s","X-Barafiri-Application-Host":"localhost:20001","X-Forwarded-For":""}
{"@timestamp":"2022-11-02T11:25:35+01:00","level":"INFO","app_name":"notification-service","message":"Persisting notification configurations with reference: a096a00d-d3eb-400c-acc5-8dfef974b723"}
{"@timestamp":"2022-11-02T11:25:35+01:00","version":"1","level":"INFO","level_value":0,"statusCode":"201","pay_load":"","message":"Created : {\"reference\":\"a096a00d-d3eb-400c-acc5-8dfef974b723\"} ... ","logger_name":"","app_name":"notification-service","path":"/notification","method":"POST","X-Barafiri-Correlation-Id":"1f89babb-cf3c-4d59-b76c-de13122899c7","User-Agent":"PostmanRuntime/7.29.2","X-Barafiri-Response-Time":"0s","X-Barafiri-Application-Host":"localhost:20001","X-Forwarded-For":""}
{"@timestamp":"2022-11-02T11:26:56+01:00","level":"INFO","app_name":"notification-service","message":"time to send scheduled mail not a future time"}
{"@timestamp":"2022-11-02T11:26:56+01:00","version":"1","level":"ERROR","level_value":0,"statusCode":"400","pay_load":"","message":"Bad Request : {\"error_reference\":\"99c7551e-26ed-484d-9365-46f24c18c281\",\"timestamp\":\"2022-11-02T11:26:56+01:00\",\"errors\":[{\"code\":\"INVALID_SCHEDULE_DATE_ERROR\",\"message\":\"You cannot schedule a task in the past. You ... ","logger_name":"","app_name":"notification-service","path":"/notification","method":"POST","X-Barafiri-Correlation-Id":"c0331f35-2021-4000-896e-1b7b7a563920","User-Agent":"PostmanRuntime/7.29.2","X-Barafiri-Response-Time":"0s","X-Barafiri-Application-Host":"localhost:20001","X-Forwarded-For":""}
{"@timestamp":"2022-11-02T11:27:10+01:00","level":"INFO","app_name":"notification-service","message":"Persisting notification configurations with reference: 15abb6da-15b3-4e92-b7b5-3125bd9332b8"}
{"@timestamp":"2022-11-02T11:27:10+01:00","version":"1","level":"INFO","level_value":0,"statusCode":"201","pay_load":"","message":"Created : {\"reference\":\"15abb6da-15b3-4e92-b7b5-3125bd9332b8\"} ... ","logger_name":"","app_name":"notification-service","path":"/notification","method":"POST","X-Barafiri-Correlation-Id":"8af69be4-72d1-4136-9ae7-e1647365b908","User-Agent":"PostmanRuntime/7.29.2","X-Barafiri-Response-Time":"0s","X-Barafiri-Application-Host":"localhost:20001","X-Forwarded-For":""}
{"@timestamp":"2022-11-02T11:28:11+01:00","level":"INFO","app_name":"notification-service","message":"sending mail for scheduled notification with reference 15abb6da-15b3-4e92-b7b5-3125bd9332b8: dial tcp: lookup smtp.gmail.com: no such host"}
