{"@timestamp":"2023-07-04T00:05:49+01:00","level":"INFO","app_name":"walls-notification-service","message":"Initializing Mongo!"}
{"@timestamp":"2023-07-04T00:05:49+01:00","level":"INFO","app_name":"walls-notification-service","message":"Establishing mongoDB connection with given credentials..."}
{"@timestamp":"2023-07-04T00:05:49+01:00","level":"INFO","app_name":"walls-notification-service","message":"Connecting to MongoDB..."}
{"@timestamp":"2023-07-04T00:05:49+01:00","level":"INFO","app_name":"walls-notification-service","message":"Confirming MongoDB Connection..."}
{"@timestamp":"2023-07-04T00:05:49+01:00","level":"INFO","app_name":"walls-notification-service","message":"Establishing Database collections and indexes..."}
{"@timestamp":"2023-07-04T00:05:49+01:00","level":"INFO","app_name":"walls-notification-service","message":"MongoDB Connected and Initialized!"}
{"@timestamp":"2023-07-04T00:05:49+01:00","level":"INFO","app_name":"walls-notification-service","message":"Attempting to start Redis on localhost:6379"}
{"@timestamp":"2023-07-04T00:05:49+01:00","level":"INFO","app_name":"walls-notification-service","message":"Initializing Redis!"}
{"@timestamp":"2023-07-04T00:05:49+01:00","level":"INFO","app_name":"walls-notification-service","message":"Establishing redis connection with given credentials..."}
{"@timestamp":"2023-07-04T00:05:49+01:00","level":"INFO","app_name":"walls-notification-service","message":"Initializing Smtp!"}
{"@timestamp":"2023-07-04T00:05:49+01:00","level":"INFO","app_name":"walls-notification-service","message":"Initializing Sms!"}
{"@timestamp":"2023-07-04T00:05:49+01:00","level":"INFO","app_name":"walls-notification-service","message":"Configuring Routes!"}
{"@timestamp":"2023-07-04T00:05:49+01:00","level":"INFO","app_name":"walls-notification-service","message":"Attempting to start walls-notification-service"}
{"@timestamp":"2023-07-04T00:05:59+01:00","level":"INFO","app_name":"walls-notification-service","message":"Validating *dto.CreateNotification Data..."}
{"@timestamp":"2023-07-04T00:05:59+01:00","level":"ERROR","app_name":"walls-notification-service","message":"Error validating struct: Key: 'CreateNotification.Contact' Error:Field validation for 'Contact' failed on the 'valid_contact' tag"}
{"@timestamp":"2023-07-04T00:05:59+01:00","version":"1","level":"ERROR","level_value":0,"statusCode":"400","pay_load":"{\n  \"channel\": 1,\n  \"contact\": \"+2348169084453\",\n  \"device_reference\": \"11111111-1111-1111-1111-111111111111\",\n  \"message_body\": \"testing sms api for walls notification\",\n  \"subject\": \"some random subject\",\n  \"user_reference\": \"11111111-1111-1111-1111-111111111111\"\n}","message":"Bad Request : {\"error_reference\":\"dd3cf2f4-506f-4029-b3f6-87b0725dc580\",\"error_type\":\"VALIDATION_ERROR\",\"timestamp\":\"2023-07-04T00:05:59+01:00\",\"code\":400,\"errors\":[\"Key: 'CreateNotification.Contact' Error:Field va ... ","logger_name":"","app_name":"walls-notification-service","path":"/api/notification","method":"POST","X-Correlation-Id":"","User-Agent":"PostmanRuntime/7.32.2","X-Response-Time":"669ns","X-Application-Host":"localhost:40230","X-Forwarded-For":""}
{"@timestamp":"2023-07-04T00:07:33+01:00","level":"INFO","app_name":"walls-notification-service","message":"Validating *dto.CreateNotification Data..."}
{"@timestamp":"2023-07-04T00:07:33+01:00","level":"ERROR","app_name":"walls-notification-service","message":"Error validating struct: Key: 'CreateNotification.Contact' Error:Field validation for 'Contact' failed on the 'valid_contact' tag"}
{"@timestamp":"2023-07-04T00:07:33+01:00","version":"1","level":"ERROR","level_value":0,"statusCode":"400","pay_load":"{\n  \"channel\": 1,\n  \"contact\": \"+2348169084453\",\n  \"device_reference\": \"11111111-1111-1111-1111-111111111111\",\n  \"message_body\": \"testing sms api for walls notification\",\n  \"subject\": \"some random subject\",\n  \"user_reference\": \"11111111-1111-1111-1111-111111111111\"\n}","message":"Bad Request : {\"error_reference\":\"969833c6-0bb5-4cb3-82b1-e31d64af28dd\",\"error_type\":\"VALIDATION_ERROR\",\"timestamp\":\"2023-07-04T00:07:33+01:00\",\"code\":400,\"errors\":[\"Key: 'CreateNotification.Contact' Error:Field va ... ","logger_name":"","app_name":"walls-notification-service","path":"/api/notification","method":"POST","X-Correlation-Id":"","User-Agent":"PostmanRuntime/7.32.2","X-Response-Time":"408ns","X-Application-Host":"localhost:40230","X-Forwarded-For":""}
{"@timestamp":"2023-07-04T00:09:41+01:00","level":"INFO","app_name":"walls-notification-service","message":"Initializing Mongo!"}
{"@timestamp":"2023-07-04T00:09:41+01:00","level":"INFO","app_name":"walls-notification-service","message":"Establishing mongoDB connection with given credentials..."}
{"@timestamp":"2023-07-04T00:09:41+01:00","level":"INFO","app_name":"walls-notification-service","message":"Connecting to MongoDB..."}
{"@timestamp":"2023-07-04T00:09:41+01:00","level":"INFO","app_name":"walls-notification-service","message":"Confirming MongoDB Connection..."}
{"@timestamp":"2023-07-04T00:09:41+01:00","level":"INFO","app_name":"walls-notification-service","message":"Establishing Database collections and indexes..."}
{"@timestamp":"2023-07-04T00:09:41+01:00","level":"INFO","app_name":"walls-notification-service","message":"MongoDB Connected and Initialized!"}
{"@timestamp":"2023-07-04T00:09:41+01:00","level":"INFO","app_name":"walls-notification-service","message":"Attempting to start Redis on localhost:6379"}
{"@timestamp":"2023-07-04T00:09:41+01:00","level":"INFO","app_name":"walls-notification-service","message":"Initializing Redis!"}
{"@timestamp":"2023-07-04T00:09:41+01:00","level":"INFO","app_name":"walls-notification-service","message":"Establishing redis connection with given credentials..."}
{"@timestamp":"2023-07-04T00:09:41+01:00","level":"INFO","app_name":"walls-notification-service","message":"Initializing Smtp!"}
{"@timestamp":"2023-07-04T00:09:43+01:00","level":"INFO","app_name":"walls-notification-service","message":"Initializing Sms!"}
{"@timestamp":"2023-07-04T00:09:43+01:00","level":"INFO","app_name":"walls-notification-service","message":"Configuring Routes!"}
{"@timestamp":"2023-07-04T00:09:43+01:00","level":"INFO","app_name":"walls-notification-service","message":"Attempting to start walls-notification-service"}
{"@timestamp":"2023-07-04T00:09:46+01:00","level":"INFO","app_name":"walls-notification-service","message":"Validating *dto.CreateNotification Data..."}
{"@timestamp":"2023-07-04T00:09:46+01:00","level":"INFO","app_name":"walls-notification-service","message":"*dto.CreateNotification Data Validated Successfully..."}
{"@timestamp":"2023-07-04T00:09:46+01:00","level":"INFO","app_name":"walls-notification-service","message":"Creating Notification"}
{"@timestamp":"2023-07-04T00:09:46+01:00","level":"INFO","app_name":"walls-notification-service","message":"Persisting notification with reference: b0b29dbe-1263-4df7-b704-40537a4489cc"}
{"@timestamp":"2023-07-04T00:09:46+01:00","level":"INFO","app_name":"walls-notification-service","message":"Persisting notification with reference: b0b29dbe-1263-4df7-b704-40537a4489cc completed successfully..."}
{"@timestamp":"2023-07-04T00:10:19+01:00","level":"INFO","app_name":"walls-notification-service","message":"Initializing Mongo!"}
{"@timestamp":"2023-07-04T00:10:19+01:00","level":"INFO","app_name":"walls-notification-service","message":"Establishing mongoDB connection with given credentials..."}
{"@timestamp":"2023-07-04T00:10:19+01:00","level":"INFO","app_name":"walls-notification-service","message":"Connecting to MongoDB..."}
{"@timestamp":"2023-07-04T00:10:19+01:00","level":"INFO","app_name":"walls-notification-service","message":"Confirming MongoDB Connection..."}
{"@timestamp":"2023-07-04T00:10:19+01:00","level":"INFO","app_name":"walls-notification-service","message":"Establishing Database collections and indexes..."}
{"@timestamp":"2023-07-04T00:10:19+01:00","level":"INFO","app_name":"walls-notification-service","message":"MongoDB Connected and Initialized!"}
{"@timestamp":"2023-07-04T00:10:19+01:00","level":"INFO","app_name":"walls-notification-service","message":"Attempting to start Redis on localhost:6379"}
{"@timestamp":"2023-07-04T00:10:19+01:00","level":"INFO","app_name":"walls-notification-service","message":"Initializing Redis!"}
{"@timestamp":"2023-07-04T00:10:19+01:00","level":"INFO","app_name":"walls-notification-service","message":"Establishing redis connection with given credentials..."}
{"@timestamp":"2023-07-04T00:10:19+01:00","level":"INFO","app_name":"walls-notification-service","message":"Initializing Smtp!"}
{"@timestamp":"2023-07-04T00:10:19+01:00","level":"INFO","app_name":"walls-notification-service","message":"Initializing Sms!"}
{"@timestamp":"2023-07-04T00:10:19+01:00","level":"INFO","app_name":"walls-notification-service","message":"Configuring Routes!"}
{"@timestamp":"2023-07-04T00:10:19+01:00","level":"INFO","app_name":"walls-notification-service","message":"Attempting to start walls-notification-service"}
{"@timestamp":"2023-07-04T00:10:29+01:00","level":"INFO","app_name":"walls-notification-service","message":"Validating *dto.CreateNotification Data..."}
{"@timestamp":"2023-07-04T00:10:29+01:00","level":"ERROR","app_name":"walls-notification-service","message":"Error validating struct: Key: 'CreateNotification.Contact' Error:Field validation for 'Contact' failed on the 'valid_contact' tag"}
{"@timestamp":"2023-07-04T00:10:29+01:00","version":"1","level":"ERROR","level_value":0,"statusCode":"400","pay_load":"{\n  \"channel\": 1,\n  \"contact\": \"+2348169084453\",\n  \"device_reference\": \"11111111-1111-1111-1111-111111111111\",\n  \"message_body\": \"testing sms api for walls notification\",\n  \"subject\": \"some random subject\",\n  \"user_reference\": \"11111111-1111-1111-1111-111111111111\"\n}","message":"Bad Request : {\"error_reference\":\"4d69c91a-121b-4a7e-8773-40c1c2c996c1\",\"error_type\":\"VALIDATION_ERROR\",\"timestamp\":\"2023-07-04T00:10:29+01:00\",\"code\":400,\"errors\":[\"Key: 'CreateNotification.Contact' Error:Field va ... ","logger_name":"","app_name":"walls-notification-service","path":"/api/notification","method":"POST","X-Correlation-Id":"","User-Agent":"PostmanRuntime/7.32.2","X-Response-Time":"255ns","X-Application-Host":"localhost:40230","X-Forwarded-For":""}
{"@timestamp":"2023-07-04T07:35:35+01:00","level":"INFO","app_name":"walls-notification-service","message":"Initializing Mongo!"}
{"@timestamp":"2023-07-04T07:35:35+01:00","level":"INFO","app_name":"walls-notification-service","message":"Establishing mongoDB connection with given credentials..."}
{"@timestamp":"2023-07-04T07:35:35+01:00","level":"INFO","app_name":"walls-notification-service","message":"Connecting to MongoDB..."}
{"@timestamp":"2023-07-04T07:35:35+01:00","level":"INFO","app_name":"walls-notification-service","message":"Confirming MongoDB Connection..."}
{"@timestamp":"2023-07-04T07:35:36+01:00","level":"INFO","app_name":"walls-notification-service","message":"Establishing Database collections and indexes..."}
{"@timestamp":"2023-07-04T07:35:36+01:00","level":"INFO","app_name":"walls-notification-service","message":"MongoDB Connected and Initialized!"}
{"@timestamp":"2023-07-04T07:35:36+01:00","level":"INFO","app_name":"walls-notification-service","message":"Attempting to start Redis on localhost:6379"}
{"@timestamp":"2023-07-04T07:35:36+01:00","level":"INFO","app_name":"walls-notification-service","message":"Initializing Redis!"}
{"@timestamp":"2023-07-04T07:35:36+01:00","level":"INFO","app_name":"walls-notification-service","message":"Establishing redis connection with given credentials..."}
{"@timestamp":"2023-07-04T07:35:36+01:00","level":"INFO","app_name":"walls-notification-service","message":"Initializing Smtp!"}
{"@timestamp":"2023-07-04T07:35:36+01:00","level":"INFO","app_name":"walls-notification-service","message":"Initializing Sms!"}
{"@timestamp":"2023-07-04T07:35:36+01:00","level":"INFO","app_name":"walls-notification-service","message":"Configuring Routes!"}
{"@timestamp":"2023-07-04T07:35:36+01:00","level":"INFO","app_name":"walls-notification-service","message":"Attempting to start walls-notification-service"}
{"@timestamp":"2023-07-04T07:36:00+01:00","level":"INFO","app_name":"walls-notification-service","message":"Validating *dto.CreateNotification Data..."}
{"@timestamp":"2023-07-04T07:36:00+01:00","level":"ERROR","app_name":"walls-notification-service","message":"Error validating struct: Key: 'CreateNotification.Contact' Error:Field validation for 'Contact' failed on the 'valid_contact' tag"}
{"@timestamp":"2023-07-04T07:36:00+01:00","version":"1","level":"ERROR","level_value":0,"statusCode":"400","pay_load":"{\n  \"channel\": 1,\n  \"contact\": \"+2348169084453\",\n  \"device_reference\": \"11111111-1111-1111-1111-111111111111\",\n  \"message_body\": \"testing sms api for walls notification\",\n  \"subject\": \"some random subject\",\n  \"user_reference\": \"11111111-1111-1111-1111-111111111111\"\n}","message":"Bad Request : {\"error_reference\":\"4dbd6633-bb05-4cae-9a48-0357afbf152d\",\"error_type\":\"VALIDATION_ERROR\",\"timestamp\":\"2023-07-04T07:36:00+01:00\",\"code\":400,\"errors\":[\"Key: 'CreateNotification.Contact' Error:Field va ... ","logger_name":"","app_name":"walls-notification-service","path":"/api/notification","method":"POST","X-Correlation-Id":"","User-Agent":"PostmanRuntime/7.32.2","X-Response-Time":"172ns","X-Application-Host":"localhost:40230","X-Forwarded-For":""}
{"@timestamp":"2023-07-04T07:39:09+01:00","level":"INFO","app_name":"walls-notification-service","message":"Initializing Mongo!"}
{"@timestamp":"2023-07-04T07:39:09+01:00","level":"INFO","app_name":"walls-notification-service","message":"Establishing mongoDB connection with given credentials..."}
{"@timestamp":"2023-07-04T07:39:09+01:00","level":"INFO","app_name":"walls-notification-service","message":"Connecting to MongoDB..."}
{"@timestamp":"2023-07-04T07:39:09+01:00","level":"INFO","app_name":"walls-notification-service","message":"Confirming MongoDB Connection..."}
{"@timestamp":"2023-07-04T07:39:09+01:00","level":"INFO","app_name":"walls-notification-service","message":"Establishing Database collections and indexes..."}
{"@timestamp":"2023-07-04T07:39:09+01:00","level":"INFO","app_name":"walls-notification-service","message":"MongoDB Connected and Initialized!"}
{"@timestamp":"2023-07-04T07:39:09+01:00","level":"INFO","app_name":"walls-notification-service","message":"Attempting to start Redis on localhost:6379"}
{"@timestamp":"2023-07-04T07:39:09+01:00","level":"INFO","app_name":"walls-notification-service","message":"Initializing Redis!"}
{"@timestamp":"2023-07-04T07:39:09+01:00","level":"INFO","app_name":"walls-notification-service","message":"Establishing redis connection with given credentials..."}
{"@timestamp":"2023-07-04T07:39:09+01:00","level":"INFO","app_name":"walls-notification-service","message":"Initializing Smtp!"}
{"@timestamp":"2023-07-04T07:39:09+01:00","level":"INFO","app_name":"walls-notification-service","message":"Initializing Sms!"}
{"@timestamp":"2023-07-04T07:39:09+01:00","level":"INFO","app_name":"walls-notification-service","message":"Configuring Routes!"}
{"@timestamp":"2023-07-04T07:39:09+01:00","level":"INFO","app_name":"walls-notification-service","message":"Attempting to start walls-notification-service"}
{"@timestamp":"2023-07-04T07:39:30+01:00","level":"INFO","app_name":"walls-notification-service","message":"Validating *dto.CreateNotification Data..."}
{"@timestamp":"2023-07-04T07:39:30+01:00","level":"ERROR","app_name":"walls-notification-service","message":"Error validating struct: Key: 'CreateNotification.Contact' Error:Field validation for 'Contact' failed on the 'valid_contact' tag"}
{"@timestamp":"2023-07-04T07:39:30+01:00","version":"1","level":"ERROR","level_value":0,"statusCode":"400","pay_load":"{\n  \"channel\": 1,\n  \"contact\": \"+2348169084453\",\n  \"device_reference\": \"11111111-1111-1111-1111-111111111111\",\n  \"message_body\": \"testing sms api for walls notification\",\n  \"subject\": \"some random subject\",\n  \"user_reference\": \"11111111-1111-1111-1111-111111111111\"\n}","message":"Bad Request : {\"error_reference\":\"270b6332-3595-458a-8009-4122fb7cd10e\",\"error_type\":\"VALIDATION_ERROR\",\"timestamp\":\"2023-07-04T07:39:30+01:00\",\"code\":400,\"errors\":[\"Key: 'CreateNotification.Contact' Error:Field va ... ","logger_name":"","app_name":"walls-notification-service","path":"/api/notification","method":"POST","X-Correlation-Id":"","User-Agent":"PostmanRuntime/7.32.2","X-Response-Time":"283ns","X-Application-Host":"localhost:40230","X-Forwarded-For":""}
{"@timestamp":"2023-07-04T07:40:27+01:00","level":"INFO","app_name":"walls-notification-service","message":"Initializing Mongo!"}
{"@timestamp":"2023-07-04T07:40:27+01:00","level":"INFO","app_name":"walls-notification-service","message":"Establishing mongoDB connection with given credentials..."}
{"@timestamp":"2023-07-04T07:40:27+01:00","level":"INFO","app_name":"walls-notification-service","message":"Connecting to MongoDB..."}
{"@timestamp":"2023-07-04T07:40:27+01:00","level":"INFO","app_name":"walls-notification-service","message":"Confirming MongoDB Connection..."}
{"@timestamp":"2023-07-04T07:40:27+01:00","level":"INFO","app_name":"walls-notification-service","message":"Establishing Database collections and indexes..."}
{"@timestamp":"2023-07-04T07:40:27+01:00","level":"INFO","app_name":"walls-notification-service","message":"MongoDB Connected and Initialized!"}
{"@timestamp":"2023-07-04T07:40:27+01:00","level":"INFO","app_name":"walls-notification-service","message":"Attempting to start Redis on localhost:6379"}
{"@timestamp":"2023-07-04T07:40:27+01:00","level":"INFO","app_name":"walls-notification-service","message":"Initializing Redis!"}
{"@timestamp":"2023-07-04T07:40:27+01:00","level":"INFO","app_name":"walls-notification-service","message":"Establishing redis connection with given credentials..."}
{"@timestamp":"2023-07-04T07:40:27+01:00","level":"INFO","app_name":"walls-notification-service","message":"Initializing Smtp!"}
Failed to start TLS: 421 Local Error, closing transmission channel
{"@timestamp":"2023-07-04T07:40:35+01:00","level":"INFO","app_name":"walls-notification-service","message":"Initializing Mongo!"}
{"@timestamp":"2023-07-04T07:40:35+01:00","level":"INFO","app_name":"walls-notification-service","message":"Establishing mongoDB connection with given credentials..."}
{"@timestamp":"2023-07-04T07:40:35+01:00","level":"INFO","app_name":"walls-notification-service","message":"Connecting to MongoDB..."}
{"@timestamp":"2023-07-04T07:40:35+01:00","level":"INFO","app_name":"walls-notification-service","message":"Confirming MongoDB Connection..."}
{"@timestamp":"2023-07-04T07:40:35+01:00","level":"INFO","app_name":"walls-notification-service","message":"Establishing Database collections and indexes..."}
{"@timestamp":"2023-07-04T07:40:35+01:00","level":"INFO","app_name":"walls-notification-service","message":"MongoDB Connected and Initialized!"}
{"@timestamp":"2023-07-04T07:40:35+01:00","level":"INFO","app_name":"walls-notification-service","message":"Attempting to start Redis on localhost:6379"}
{"@timestamp":"2023-07-04T07:40:35+01:00","level":"INFO","app_name":"walls-notification-service","message":"Initializing Redis!"}
{"@timestamp":"2023-07-04T07:40:35+01:00","level":"INFO","app_name":"walls-notification-service","message":"Establishing redis connection with given credentials..."}
{"@timestamp":"2023-07-04T07:40:35+01:00","level":"INFO","app_name":"walls-notification-service","message":"Initializing Smtp!"}
Failed to start TLS: 421 Local Error, closing transmission channel
{"@timestamp":"2023-07-04T07:40:53+01:00","level":"INFO","app_name":"walls-notification-service","message":"Initializing Mongo!"}
{"@timestamp":"2023-07-04T07:40:53+01:00","level":"INFO","app_name":"walls-notification-service","message":"Establishing mongoDB connection with given credentials..."}
{"@timestamp":"2023-07-04T07:40:53+01:00","level":"INFO","app_name":"walls-notification-service","message":"Connecting to MongoDB..."}
{"@timestamp":"2023-07-04T07:40:53+01:00","level":"INFO","app_name":"walls-notification-service","message":"Confirming MongoDB Connection..."}
{"@timestamp":"2023-07-04T07:40:53+01:00","level":"INFO","app_name":"walls-notification-service","message":"Establishing Database collections and indexes..."}
{"@timestamp":"2023-07-04T07:40:53+01:00","level":"INFO","app_name":"walls-notification-service","message":"MongoDB Connected and Initialized!"}
{"@timestamp":"2023-07-04T07:40:53+01:00","level":"INFO","app_name":"walls-notification-service","message":"Attempting to start Redis on localhost:6379"}
{"@timestamp":"2023-07-04T07:40:53+01:00","level":"INFO","app_name":"walls-notification-service","message":"Initializing Redis!"}
{"@timestamp":"2023-07-04T07:40:53+01:00","level":"INFO","app_name":"walls-notification-service","message":"Establishing redis connection with given credentials..."}
{"@timestamp":"2023-07-04T07:40:53+01:00","level":"INFO","app_name":"walls-notification-service","message":"Initializing Smtp!"}
Failed to start TLS: 421 Local Error, closing transmission channel
{"@timestamp":"2023-07-04T07:41:19+01:00","level":"INFO","app_name":"walls-notification-service","message":"Initializing Mongo!"}
{"@timestamp":"2023-07-04T07:41:19+01:00","level":"INFO","app_name":"walls-notification-service","message":"Establishing mongoDB connection with given credentials..."}
{"@timestamp":"2023-07-04T07:41:19+01:00","level":"INFO","app_name":"walls-notification-service","message":"Connecting to MongoDB..."}
{"@timestamp":"2023-07-04T07:41:19+01:00","level":"INFO","app_name":"walls-notification-service","message":"Confirming MongoDB Connection..."}
{"@timestamp":"2023-07-04T07:41:19+01:00","level":"INFO","app_name":"walls-notification-service","message":"Establishing Database collections and indexes..."}
{"@timestamp":"2023-07-04T07:41:19+01:00","level":"INFO","app_name":"walls-notification-service","message":"MongoDB Connected and Initialized!"}
{"@timestamp":"2023-07-04T07:41:19+01:00","level":"INFO","app_name":"walls-notification-service","message":"Attempting to start Redis on localhost:6379"}
{"@timestamp":"2023-07-04T07:41:19+01:00","level":"INFO","app_name":"walls-notification-service","message":"Initializing Redis!"}
{"@timestamp":"2023-07-04T07:41:19+01:00","level":"INFO","app_name":"walls-notification-service","message":"Establishing redis connection with given credentials..."}
{"@timestamp":"2023-07-04T07:41:19+01:00","level":"INFO","app_name":"walls-notification-service","message":"Initializing Smtp!"}
{"@timestamp":"2023-07-04T07:41:19+01:00","level":"INFO","app_name":"walls-notification-service","message":"Initializing Sms!"}
{"@timestamp":"2023-07-04T07:41:19+01:00","level":"INFO","app_name":"walls-notification-service","message":"Configuring Routes!"}
{"@timestamp":"2023-07-04T07:41:19+01:00","level":"INFO","app_name":"walls-notification-service","message":"Attempting to start walls-notification-service"}
{"@timestamp":"2023-07-04T07:41:28+01:00","level":"INFO","app_name":"walls-notification-service","message":"Validating *dto.CreateNotification Data..."}
{"@timestamp":"2023-07-04T07:41:28+01:00","level":"INFO","app_name":"walls-notification-service","message":"*dto.CreateNotification Data Validated Successfully..."}
{"@timestamp":"2023-07-04T07:41:28+01:00","level":"INFO","app_name":"walls-notification-service","message":"Creating Notification"}
{"@timestamp":"2023-07-04T07:41:28+01:00","level":"INFO","app_name":"walls-notification-service","message":"Persisting notification with reference: 5998ba1c-2d4a-4eb7-abc7-c0b1453fd4e0"}
{"@timestamp":"2023-07-04T07:41:28+01:00","level":"INFO","app_name":"walls-notification-service","message":"Persisting notification with reference: 5998ba1c-2d4a-4eb7-abc7-c0b1453fd4e0 completed successfully..."}
{"@timestamp":"2023-07-04T07:41:30+01:00","version":"1","level":"INFO","level_value":0,"statusCode":"201","pay_load":"{\n  \"channel\": 0,\n  \"contact\": \"+2348169084453\",\n  \"device_reference\": \"11111111-1111-1111-1111-111111111111\",\n  \"message_body\": \"testing sms api for walls notification\",\n  \"subject\": \"some random subject\",\n  \"user_reference\": \"11111111-1111-1111-1111-111111111111\"\n}","message":"Created : {\"reference\":\"5998ba1c-2d4a-4eb7-abc7-c0b1453fd4e0\"} ... ","logger_name":"","app_name":"walls-notification-service","path":"/api/notification","method":"POST","X-Correlation-Id":"","User-Agent":"PostmanRuntime/7.32.2","X-Response-Time":"393ns","X-Application-Host":"localhost:40230","X-Forwarded-For":""}
{"@timestamp":"2023-07-04T07:42:48+01:00","level":"INFO","app_name":"walls-notification-service","message":"Validating *dto.CreateNotification Data..."}
{"@timestamp":"2023-07-04T07:42:48+01:00","level":"INFO","app_name":"walls-notification-service","message":"*dto.CreateNotification Data Validated Successfully..."}
{"@timestamp":"2023-07-04T07:42:48+01:00","level":"INFO","app_name":"walls-notification-service","message":"Creating Notification"}
{"@timestamp":"2023-07-04T07:42:48+01:00","level":"INFO","app_name":"walls-notification-service","message":"Persisting notification with reference: 8ab60d20-adb6-4ada-a2f9-531d8ca5631f"}
{"@timestamp":"2023-07-04T07:42:48+01:00","level":"INFO","app_name":"walls-notification-service","message":"Persisting notification with reference: 8ab60d20-adb6-4ada-a2f9-531d8ca5631f completed successfully..."}
{"@timestamp":"2023-07-04T07:44:40+01:00","level":"INFO","app_name":"walls-notification-service","message":"Initializing Mongo!"}
{"@timestamp":"2023-07-04T07:44:40+01:00","level":"INFO","app_name":"walls-notification-service","message":"Establishing mongoDB connection with given credentials..."}
{"@timestamp":"2023-07-04T07:44:40+01:00","level":"INFO","app_name":"walls-notification-service","message":"Connecting to MongoDB..."}
{"@timestamp":"2023-07-04T07:44:40+01:00","level":"INFO","app_name":"walls-notification-service","message":"Confirming MongoDB Connection..."}
{"@timestamp":"2023-07-04T07:44:40+01:00","level":"INFO","app_name":"walls-notification-service","message":"Establishing Database collections and indexes..."}
{"@timestamp":"2023-07-04T07:44:40+01:00","level":"INFO","app_name":"walls-notification-service","message":"MongoDB Connected and Initialized!"}
{"@timestamp":"2023-07-04T07:44:40+01:00","level":"INFO","app_name":"walls-notification-service","message":"Attempting to start Redis on localhost:6379"}
{"@timestamp":"2023-07-04T07:44:40+01:00","level":"INFO","app_name":"walls-notification-service","message":"Initializing Redis!"}
{"@timestamp":"2023-07-04T07:44:40+01:00","level":"INFO","app_name":"walls-notification-service","message":"Establishing redis connection with given credentials..."}
{"@timestamp":"2023-07-04T07:44:40+01:00","level":"INFO","app_name":"walls-notification-service","message":"Initializing Smtp!"}
{"@timestamp":"2023-07-04T07:44:40+01:00","level":"INFO","app_name":"walls-notification-service","message":"Initializing Sms!"}
{"@timestamp":"2023-07-04T07:44:40+01:00","level":"INFO","app_name":"walls-notification-service","message":"Configuring Routes!"}
{"@timestamp":"2023-07-04T07:44:40+01:00","level":"INFO","app_name":"walls-notification-service","message":"Attempting to start walls-notification-service"}
{"@timestamp":"2023-07-04T07:44:43+01:00","level":"INFO","app_name":"walls-notification-service","message":"Validating *dto.CreateNotification Data..."}
{"@timestamp":"2023-07-04T07:44:43+01:00","level":"INFO","app_name":"walls-notification-service","message":"*dto.CreateNotification Data Validated Successfully..."}
{"@timestamp":"2023-07-04T07:44:43+01:00","level":"INFO","app_name":"walls-notification-service","message":"Creating Notification"}
{"@timestamp":"2023-07-04T07:44:43+01:00","level":"INFO","app_name":"walls-notification-service","message":"Persisting notification with reference: 4dad414d-9191-41b2-ac04-02211dc3c133"}
{"@timestamp":"2023-07-04T07:44:43+01:00","level":"INFO","app_name":"walls-notification-service","message":"Persisting notification with reference: 4dad414d-9191-41b2-ac04-02211dc3c133 completed successfully..."}
{"@timestamp":"2023-07-04T07:45:52+01:00","level":"INFO","app_name":"walls-notification-service","message":"Initializing Mongo!"}
{"@timestamp":"2023-07-04T07:45:52+01:00","level":"INFO","app_name":"walls-notification-service","message":"Establishing mongoDB connection with given credentials..."}
{"@timestamp":"2023-07-04T07:45:52+01:00","level":"INFO","app_name":"walls-notification-service","message":"Connecting to MongoDB..."}
{"@timestamp":"2023-07-04T07:45:52+01:00","level":"INFO","app_name":"walls-notification-service","message":"Confirming MongoDB Connection..."}
{"@timestamp":"2023-07-04T07:45:52+01:00","level":"INFO","app_name":"walls-notification-service","message":"Establishing Database collections and indexes..."}
{"@timestamp":"2023-07-04T07:45:52+01:00","level":"INFO","app_name":"walls-notification-service","message":"MongoDB Connected and Initialized!"}
{"@timestamp":"2023-07-04T07:45:52+01:00","level":"INFO","app_name":"walls-notification-service","message":"Attempting to start Redis on localhost:6379"}
{"@timestamp":"2023-07-04T07:45:52+01:00","level":"INFO","app_name":"walls-notification-service","message":"Initializing Redis!"}
{"@timestamp":"2023-07-04T07:45:52+01:00","level":"INFO","app_name":"walls-notification-service","message":"Establishing redis connection with given credentials..."}
{"@timestamp":"2023-07-04T07:45:52+01:00","level":"INFO","app_name":"walls-notification-service","message":"Initializing Smtp!"}
Failed to connect to Google SMTP server: 421 Service not available
{"@timestamp":"2023-07-04T07:58:15+01:00","level":"INFO","app_name":"walls-notification-service","message":"Initializing Mongo!"}
{"@timestamp":"2023-07-04T07:58:15+01:00","level":"INFO","app_name":"walls-notification-service","message":"Establishing mongoDB connection with given credentials..."}
{"@timestamp":"2023-07-04T07:58:15+01:00","level":"INFO","app_name":"walls-notification-service","message":"Connecting to MongoDB..."}
{"@timestamp":"2023-07-04T07:58:15+01:00","level":"INFO","app_name":"walls-notification-service","message":"Confirming MongoDB Connection..."}
{"@timestamp":"2023-07-04T07:58:15+01:00","level":"INFO","app_name":"walls-notification-service","message":"Establishing Database collections and indexes..."}
{"@timestamp":"2023-07-04T07:58:15+01:00","level":"INFO","app_name":"walls-notification-service","message":"MongoDB Connected and Initialized!"}
{"@timestamp":"2023-07-04T07:58:15+01:00","level":"INFO","app_name":"walls-notification-service","message":"Attempting to start Redis on localhost:6379"}
{"@timestamp":"2023-07-04T07:58:15+01:00","level":"INFO","app_name":"walls-notification-service","message":"Initializing Redis!"}
{"@timestamp":"2023-07-04T07:58:15+01:00","level":"INFO","app_name":"walls-notification-service","message":"Establishing redis connection with given credentials..."}
{"@timestamp":"2023-07-04T07:58:15+01:00","level":"INFO","app_name":"walls-notification-service","message":"Initializing Smtp!"}
Failed to connect to Google SMTP server: 421 Service not available
{"@timestamp":"2023-07-04T07:58:20+01:00","level":"INFO","app_name":"walls-notification-service","message":"Initializing Mongo!"}
{"@timestamp":"2023-07-04T07:58:20+01:00","level":"INFO","app_name":"walls-notification-service","message":"Establishing mongoDB connection with given credentials..."}
{"@timestamp":"2023-07-04T07:58:20+01:00","level":"INFO","app_name":"walls-notification-service","message":"Connecting to MongoDB..."}
{"@timestamp":"2023-07-04T07:58:20+01:00","level":"INFO","app_name":"walls-notification-service","message":"Confirming MongoDB Connection..."}
{"@timestamp":"2023-07-04T07:58:20+01:00","level":"INFO","app_name":"walls-notification-service","message":"Establishing Database collections and indexes..."}
{"@timestamp":"2023-07-04T07:58:20+01:00","level":"INFO","app_name":"walls-notification-service","message":"MongoDB Connected and Initialized!"}
{"@timestamp":"2023-07-04T07:58:20+01:00","level":"INFO","app_name":"walls-notification-service","message":"Attempting to start Redis on localhost:6379"}
{"@timestamp":"2023-07-04T07:58:20+01:00","level":"INFO","app_name":"walls-notification-service","message":"Initializing Redis!"}
{"@timestamp":"2023-07-04T07:58:20+01:00","level":"INFO","app_name":"walls-notification-service","message":"Establishing redis connection with given credentials..."}
{"@timestamp":"2023-07-04T07:58:20+01:00","level":"INFO","app_name":"walls-notification-service","message":"Initializing Smtp!"}
Failed to connect to Google SMTP server: 421 Service not available
{"@timestamp":"2023-07-04T07:58:42+01:00","level":"INFO","app_name":"walls-notification-service","message":"Initializing Mongo!"}
{"@timestamp":"2023-07-04T07:58:42+01:00","level":"INFO","app_name":"walls-notification-service","message":"Establishing mongoDB connection with given credentials..."}
{"@timestamp":"2023-07-04T07:58:42+01:00","level":"INFO","app_name":"walls-notification-service","message":"Connecting to MongoDB..."}
{"@timestamp":"2023-07-04T07:58:42+01:00","level":"INFO","app_name":"walls-notification-service","message":"Confirming MongoDB Connection..."}
{"@timestamp":"2023-07-04T07:58:42+01:00","level":"INFO","app_name":"walls-notification-service","message":"Establishing Database collections and indexes..."}
{"@timestamp":"2023-07-04T07:58:42+01:00","level":"INFO","app_name":"walls-notification-service","message":"MongoDB Connected and Initialized!"}
{"@timestamp":"2023-07-04T07:58:42+01:00","level":"INFO","app_name":"walls-notification-service","message":"Attempting to start Redis on localhost:6379"}
{"@timestamp":"2023-07-04T07:58:42+01:00","level":"INFO","app_name":"walls-notification-service","message":"Initializing Redis!"}
{"@timestamp":"2023-07-04T07:58:42+01:00","level":"INFO","app_name":"walls-notification-service","message":"Establishing redis connection with given credentials..."}
{"@timestamp":"2023-07-04T07:58:42+01:00","level":"INFO","app_name":"walls-notification-service","message":"Initializing Smtp!"}
{"@timestamp":"2023-07-04T07:58:42+01:00","level":"INFO","app_name":"walls-notification-service","message":"Initializing Sms!"}
{"@timestamp":"2023-07-04T07:58:42+01:00","level":"INFO","app_name":"walls-notification-service","message":"Configuring Routes!"}
{"@timestamp":"2023-07-04T07:58:42+01:00","level":"INFO","app_name":"walls-notification-service","message":"Attempting to start walls-notification-service"}
{"@timestamp":"2023-07-04T07:58:44+01:00","level":"INFO","app_name":"walls-notification-service","message":"Validating *dto.CreateNotification Data..."}
{"@timestamp":"2023-07-04T07:58:44+01:00","level":"INFO","app_name":"walls-notification-service","message":"*dto.CreateNotification Data Validated Successfully..."}
{"@timestamp":"2023-07-04T07:58:44+01:00","level":"INFO","app_name":"walls-notification-service","message":"Creating Notification"}
{"@timestamp":"2023-07-04T07:58:44+01:00","level":"INFO","app_name":"walls-notification-service","message":"Persisting notification with reference: ef81ebd2-c74b-4a1c-bb8a-d333be100877"}
{"@timestamp":"2023-07-04T07:58:44+01:00","level":"INFO","app_name":"walls-notification-service","message":"Persisting notification with reference: ef81ebd2-c74b-4a1c-bb8a-d333be100877 completed successfully..."}
{"@timestamp":"2023-07-04T08:09:49+01:00","level":"INFO","app_name":"walls-notification-service","message":"Initializing Mongo!"}
{"@timestamp":"2023-07-04T08:09:49+01:00","level":"INFO","app_name":"walls-notification-service","message":"Establishing mongoDB connection with given credentials..."}
{"@timestamp":"2023-07-04T08:09:49+01:00","level":"INFO","app_name":"walls-notification-service","message":"Connecting to MongoDB..."}
{"@timestamp":"2023-07-04T08:09:49+01:00","level":"INFO","app_name":"walls-notification-service","message":"Confirming MongoDB Connection..."}
{"@timestamp":"2023-07-04T08:09:49+01:00","level":"INFO","app_name":"walls-notification-service","message":"Establishing Database collections and indexes..."}
{"@timestamp":"2023-07-04T08:09:49+01:00","level":"INFO","app_name":"walls-notification-service","message":"MongoDB Connected and Initialized!"}
{"@timestamp":"2023-07-04T08:09:49+01:00","level":"INFO","app_name":"walls-notification-service","message":"Attempting to start Redis on localhost:6379"}
{"@timestamp":"2023-07-04T08:09:49+01:00","level":"INFO","app_name":"walls-notification-service","message":"Initializing Redis!"}
{"@timestamp":"2023-07-04T08:09:49+01:00","level":"INFO","app_name":"walls-notification-service","message":"Establishing redis connection with given credentials..."}
{"@timestamp":"2023-07-04T08:09:49+01:00","level":"INFO","app_name":"walls-notification-service","message":"Initializing Smtp!"}
{"@timestamp":"2023-07-04T08:09:49+01:00","level":"INFO","app_name":"walls-notification-service","message":"Initializing Sms!"}
{"@timestamp":"2023-07-04T08:09:49+01:00","level":"INFO","app_name":"walls-notification-service","message":"Configuring Routes!"}
{"@timestamp":"2023-07-04T08:09:49+01:00","level":"INFO","app_name":"walls-notification-service","message":"Attempting to start walls-notification-service"}
{"@timestamp":"2023-07-04T08:09:54+01:00","level":"INFO","app_name":"walls-notification-service","message":"Validating *dto.CreateNotification Data..."}
{"@timestamp":"2023-07-04T08:09:54+01:00","level":"INFO","app_name":"walls-notification-service","message":"*dto.CreateNotification Data Validated Successfully..."}
{"@timestamp":"2023-07-04T08:09:54+01:00","level":"INFO","app_name":"walls-notification-service","message":"Creating Notification"}
{"@timestamp":"2023-07-04T08:09:54+01:00","level":"INFO","app_name":"walls-notification-service","message":"Persisting notification with reference: cff548a1-bcd2-423c-bf6e-0e9d13c7c617"}
{"@timestamp":"2023-07-04T08:09:54+01:00","level":"INFO","app_name":"walls-notification-service","message":"Persisting notification with reference: cff548a1-bcd2-423c-bf6e-0e9d13c7c617 completed successfully..."}
{"@timestamp":"2023-07-04T08:11:03+01:00","level":"INFO","app_name":"walls-notification-service","message":"Initializing Mongo!"}
{"@timestamp":"2023-07-04T08:11:03+01:00","level":"INFO","app_name":"walls-notification-service","message":"Establishing mongoDB connection with given credentials..."}
{"@timestamp":"2023-07-04T08:11:03+01:00","level":"INFO","app_name":"walls-notification-service","message":"Connecting to MongoDB..."}
{"@timestamp":"2023-07-04T08:11:03+01:00","level":"INFO","app_name":"walls-notification-service","message":"Confirming MongoDB Connection..."}
{"@timestamp":"2023-07-04T08:11:03+01:00","level":"INFO","app_name":"walls-notification-service","message":"Establishing Database collections and indexes..."}
{"@timestamp":"2023-07-04T08:11:03+01:00","level":"INFO","app_name":"walls-notification-service","message":"MongoDB Connected and Initialized!"}
{"@timestamp":"2023-07-04T08:11:03+01:00","level":"INFO","app_name":"walls-notification-service","message":"Attempting to start Redis on localhost:6379"}
{"@timestamp":"2023-07-04T08:11:03+01:00","level":"INFO","app_name":"walls-notification-service","message":"Initializing Redis!"}
{"@timestamp":"2023-07-04T08:11:03+01:00","level":"INFO","app_name":"walls-notification-service","message":"Establishing redis connection with given credentials..."}
{"@timestamp":"2023-07-04T08:11:03+01:00","level":"INFO","app_name":"walls-notification-service","message":"Initializing Smtp!"}
{"@timestamp":"2023-07-04T08:11:03+01:00","level":"INFO","app_name":"walls-notification-service","message":"Initializing Sms!"}
{"@timestamp":"2023-07-04T08:11:03+01:00","level":"INFO","app_name":"walls-notification-service","message":"Configuring Routes!"}
{"@timestamp":"2023-07-04T08:11:03+01:00","level":"INFO","app_name":"walls-notification-service","message":"Attempting to start walls-notification-service"}
{"@timestamp":"2023-07-04T08:11:06+01:00","level":"INFO","app_name":"walls-notification-service","message":"Validating *dto.CreateNotification Data..."}
{"@timestamp":"2023-07-04T08:11:06+01:00","level":"INFO","app_name":"walls-notification-service","message":"*dto.CreateNotification Data Validated Successfully..."}
{"@timestamp":"2023-07-04T08:11:06+01:00","level":"INFO","app_name":"walls-notification-service","message":"Creating Notification"}
{"@timestamp":"2023-07-04T08:11:06+01:00","level":"INFO","app_name":"walls-notification-service","message":"Persisting notification with reference: 6f18d3b0-b268-4f85-b4f9-b2fae407e4bd"}
{"@timestamp":"2023-07-04T08:11:06+01:00","level":"INFO","app_name":"walls-notification-service","message":"Persisting notification with reference: 6f18d3b0-b268-4f85-b4f9-b2fae407e4bd completed successfully..."}
{"@timestamp":"2023-07-04T08:11:41+01:00","level":"INFO","app_name":"walls-notification-service","message":"Validating *dto.CreateNotification Data..."}
{"@timestamp":"2023-07-04T08:11:41+01:00","level":"INFO","app_name":"walls-notification-service","message":"*dto.CreateNotification Data Validated Successfully..."}
{"@timestamp":"2023-07-04T08:11:41+01:00","level":"INFO","app_name":"walls-notification-service","message":"Creating Notification"}
{"@timestamp":"2023-07-04T08:11:41+01:00","level":"INFO","app_name":"walls-notification-service","message":"Persisting notification with reference: bddf8c8e-8246-4f7f-9e91-761697630dce"}
{"@timestamp":"2023-07-04T08:11:41+01:00","level":"INFO","app_name":"walls-notification-service","message":"Persisting notification with reference: bddf8c8e-8246-4f7f-9e91-761697630dce completed successfully..."}
{"@timestamp":"2023-07-04T08:11:42+01:00","version":"1","level":"INFO","level_value":0,"statusCode":"201","pay_load":"{\n  \"channel\": 0,\n  \"contact\": \"+2348169084453\",\n  \"device_reference\": \"11111111-1111-1111-1111-111111111111\",\n  \"message_body\": \"testing sms api for walls notification\",\n  \"subject\": \"some random subject\",\n  \"user_reference\": \"11111111-1111-1111-1111-111111111111\"\n}","message":"Created : {\"reference\":\"bddf8c8e-8246-4f7f-9e91-761697630dce\"} ... ","logger_name":"","app_name":"walls-notification-service","path":"/api/notification","method":"POST","X-Correlation-Id":"","User-Agent":"PostmanRuntime/7.32.2","X-Response-Time":"158ns","X-Application-Host":"localhost:40230","X-Forwarded-For":""}
{"@timestamp":"2023-07-04T08:12:05+01:00","level":"INFO","app_name":"walls-notification-service","message":"Validating *dto.CreateNotification Data..."}
{"@timestamp":"2023-07-04T08:12:05+01:00","level":"INFO","app_name":"walls-notification-service","message":"*dto.CreateNotification Data Validated Successfully..."}
{"@timestamp":"2023-07-04T08:12:05+01:00","level":"INFO","app_name":"walls-notification-service","message":"Creating Notification"}
{"@timestamp":"2023-07-04T08:12:05+01:00","level":"INFO","app_name":"walls-notification-service","message":"Persisting notification with reference: 72451d3d-6d84-45aa-8080-8657d16ae0fb"}
{"@timestamp":"2023-07-04T08:12:05+01:00","level":"INFO","app_name":"walls-notification-service","message":"Persisting notification with reference: 72451d3d-6d84-45aa-8080-8657d16ae0fb completed successfully..."}
{"@timestamp":"2023-07-04T08:12:06+01:00","version":"1","level":"INFO","level_value":0,"statusCode":"201","pay_load":"{\n  \"channel\": 0,\n  \"contact\": \"oyebodeamirdeen@gmail.com\",\n  \"device_reference\": \"11111111-1111-1111-1111-111111111111\",\n  \"message_body\": \"testing sms api for walls notification\",\n  \"subject\": \"some random subject\",\n  \"user_reference\": \"11111111-1111-1111-1111-111111111111\"\n}","message":"Created : {\"reference\":\"72451d3d-6d84-45aa-8080-8657d16ae0fb\"} ... ","logger_name":"","app_name":"walls-notification-service","path":"/api/notification","method":"POST","X-Correlation-Id":"","User-Agent":"PostmanRuntime/7.32.2","X-Response-Time":"305ns","X-Application-Host":"localhost:40230","X-Forwarded-For":""}
{"@timestamp":"2023-07-04T08:12:30+01:00","level":"INFO","app_name":"walls-notification-service","message":"Validating *dto.CreateNotification Data..."}
{"@timestamp":"2023-07-04T08:12:30+01:00","level":"INFO","app_name":"walls-notification-service","message":"*dto.CreateNotification Data Validated Successfully..."}
{"@timestamp":"2023-07-04T08:12:30+01:00","level":"INFO","app_name":"walls-notification-service","message":"Creating Notification"}
{"@timestamp":"2023-07-04T08:12:30+01:00","level":"INFO","app_name":"walls-notification-service","message":"Persisting notification with reference: f55cc82c-f890-4974-a84b-3ec321365d2b"}
{"@timestamp":"2023-07-04T08:12:30+01:00","level":"INFO","app_name":"walls-notification-service","message":"Persisting notification with reference: f55cc82c-f890-4974-a84b-3ec321365d2b completed successfully..."}
